TRACE::2024-11-21.17:59:27::SCWPlatform::Trying to open the hw design at D:/DATN.REFACTOR/software/top_level/hw/top_level.xsa
TRACE::2024-11-21.17:59:27::SCWPlatform::DSA given D:/DATN.REFACTOR/software/top_level/hw/top_level.xsa
TRACE::2024-11-21.17:59:27::SCWPlatform::DSA absoulate path D:/DATN.REFACTOR/software/top_level/hw/top_level.xsa
TRACE::2024-11-21.17:59:29::SCWPlatform::DSA directory D:/DATN.REFACTOR/software/top_level/hw
TRACE::2024-11-21.17:59:29::SCWPlatform:: Platform Path D:/DATN.REFACTOR/software/top_level/hw/top_level.xsa
TRACE::2024-11-21.17:59:29::SCWPlatform:: Unique name xilinx:arty-a7-35::0.0
TRACE::2024-11-21.17:59:29::SCWPlatform::Do not have an existing db opened. 
TRACE::2024-11-21.17:59:29::SCWPlatform::Opened new HwDB with name top_level_0
TRACE::2024-11-21.17:59:29::SCWWriter::formatted JSON is {
	"platformName":	"top_level",
	"sprVersion":	"2.0",
	"mode":	"gui",
	"dsaType":	"Fixed",
	"platformDesc":	"top_level",
	"platHandOff":	"D:/DATN.REFACTOR/hardware/top_level.xsa",
	"platIntHandOff":	"<platformDir>/hw/top_level.xsa",
	"deviceType":	"FPGA",
	"platIsPrebuiltAutogen":	"false",
	"platIsNoBootBsp":	"false",
	"hasFsblMakeHasChanges":	"false",
	"hasPmufwMakeHasChanges":	"false",
	"platPreBuiltFlag":	false,
	"platformSamplesDir":	""
}
TRACE::2024-11-21.17:59:29::SCWWriter::formatted JSON is {
	"platformName":	"top_level",
	"sprVersion":	"2.0",
	"mode":	"gui",
	"dsaType":	"Fixed",
	"platformDesc":	"top_level",
	"platHandOff":	"D:/DATN.REFACTOR/hardware/top_level.xsa",
	"platIntHandOff":	"<platformDir>/hw/top_level.xsa",
	"deviceType":	"FPGA",
	"platIsPrebuiltAutogen":	"false",
	"platIsNoBootBsp":	"false",
	"hasFsblMakeHasChanges":	"false",
	"hasPmufwMakeHasChanges":	"false",
	"platPreBuiltFlag":	false,
	"platformSamplesDir":	"",
	"platActiveSys":	"top_level",
	"systems":	[{
			"systemName":	"top_level",
			"systemDesc":	"top_level",
			"sysIsBootAutoGen":	"true",
			"systemDispName":	"top_level"
		}]
}
TRACE::2024-11-21.17:59:29::SCWPlatform::Boot application domains not present, creating them
TRACE::2024-11-21.17:59:29::SCWPlatform::Pure FPGA device, no boot application will be created.
TRACE::2024-11-21.17:59:29::SCWWriter::formatted JSON is {
	"platformName":	"top_level",
	"sprVersion":	"2.0",
	"mode":	"gui",
	"dsaType":	"Fixed",
	"platformDesc":	"top_level",
	"platHandOff":	"D:/DATN.REFACTOR/hardware/top_level.xsa",
	"platIntHandOff":	"<platformDir>/hw/top_level.xsa",
	"deviceType":	"FPGA",
	"platIsPrebuiltAutogen":	"false",
	"platIsNoBootBsp":	"false",
	"hasFsblMakeHasChanges":	"false",
	"hasPmufwMakeHasChanges":	"false",
	"platPreBuiltFlag":	false,
	"platformSamplesDir":	"",
	"platActiveSys":	"top_level",
	"systems":	[{
			"systemName":	"top_level",
			"systemDesc":	"top_level",
			"sysIsBootAutoGen":	"true",
			"systemDispName":	"top_level"
		}]
}
TRACE::2024-11-21.17:59:29::SCWWriter::formatted JSON is {
	"platformName":	"top_level",
	"sprVersion":	"2.0",
	"mode":	"gui",
	"dsaType":	"Fixed",
	"platformDesc":	"top_level",
	"platHandOff":	"D:/DATN.REFACTOR/hardware/top_level.xsa",
	"platIntHandOff":	"<platformDir>/hw/top_level.xsa",
	"deviceType":	"FPGA",
	"platIsPrebuiltAutogen":	"false",
	"platIsNoBootBsp":	"false",
	"hasFsblMakeHasChanges":	"false",
	"hasPmufwMakeHasChanges":	"false",
	"platPreBuiltFlag":	false,
	"platformSamplesDir":	"",
	"platActiveSys":	"top_level",
	"systems":	[{
			"systemName":	"top_level",
			"systemDesc":	"top_level",
			"sysIsBootAutoGen":	"true",
			"systemDispName":	"top_level"
		}]
}
TRACE::2024-11-21.17:59:29::SCWPlatform::Trying to open the hw design at D:/DATN.REFACTOR/software/top_level/hw/top_level.xsa
TRACE::2024-11-21.17:59:29::SCWPlatform::DSA given D:/DATN.REFACTOR/software/top_level/hw/top_level.xsa
TRACE::2024-11-21.17:59:29::SCWPlatform::DSA absoulate path D:/DATN.REFACTOR/software/top_level/hw/top_level.xsa
TRACE::2024-11-21.17:59:29::SCWPlatform::DSA directory D:/DATN.REFACTOR/software/top_level/hw
TRACE::2024-11-21.17:59:29::SCWPlatform:: Platform Path D:/DATN.REFACTOR/software/top_level/hw/top_level.xsa
TRACE::2024-11-21.17:59:29::SCWPlatform:: Unique name xilinx:arty-a7-35::0.0
TRACE::2024-11-21.17:59:29::SCWPlatform::Trying to set the existing hwdb with name top_level_0
TRACE::2024-11-21.17:59:29::SCWPlatform::Opened existing hwdb top_level_0
TRACE::2024-11-21.17:59:29::SCWPlatform::Found the Hw Db part of the input DSA
TRACE::2024-11-21.17:59:29::SCWDomain::checking for install qemu data   : 
TRACE::2024-11-21.17:59:29::SCWPlatform::Trying to open the hw design at D:/DATN.REFACTOR/software/top_level/hw/top_level.xsa
TRACE::2024-11-21.17:59:29::SCWPlatform::DSA given D:/DATN.REFACTOR/software/top_level/hw/top_level.xsa
TRACE::2024-11-21.17:59:29::SCWPlatform::DSA absoulate path D:/DATN.REFACTOR/software/top_level/hw/top_level.xsa
TRACE::2024-11-21.17:59:29::SCWPlatform::DSA directory D:/DATN.REFACTOR/software/top_level/hw
TRACE::2024-11-21.17:59:29::SCWPlatform:: Platform Path D:/DATN.REFACTOR/software/top_level/hw/top_level.xsa
TRACE::2024-11-21.17:59:29::SCWPlatform:: Unique name xilinx:arty-a7-35::0.0
TRACE::2024-11-21.17:59:29::SCWPlatform::Trying to set the existing hwdb with name top_level_0
TRACE::2024-11-21.17:59:29::SCWPlatform::Opened existing hwdb top_level_0
TRACE::2024-11-21.17:59:29::SCWPlatform::Found the Hw Db part of the input DSA
TRACE::2024-11-21.17:59:29::SCWPlatform::Trying to open the hw design at D:/DATN.REFACTOR/software/top_level/hw/top_level.xsa
TRACE::2024-11-21.17:59:29::SCWPlatform::DSA given D:/DATN.REFACTOR/software/top_level/hw/top_level.xsa
TRACE::2024-11-21.17:59:29::SCWPlatform::DSA absoulate path D:/DATN.REFACTOR/software/top_level/hw/top_level.xsa
TRACE::2024-11-21.17:59:29::SCWPlatform::DSA directory D:/DATN.REFACTOR/software/top_level/hw
TRACE::2024-11-21.17:59:29::SCWPlatform:: Platform Path D:/DATN.REFACTOR/software/top_level/hw/top_level.xsa
TRACE::2024-11-21.17:59:29::SCWPlatform:: Unique name xilinx:arty-a7-35::0.0
TRACE::2024-11-21.17:59:29::SCWPlatform::Trying to set the existing hwdb with name top_level_0
TRACE::2024-11-21.17:59:29::SCWPlatform::Opened existing hwdb top_level_0
TRACE::2024-11-21.17:59:29::SCWPlatform::Found the Hw Db part of the input DSA
TRACE::2024-11-21.17:59:29::SCWMssOS::Checking the sw design at  D:/DATN.REFACTOR/software/top_level/microblaze_I/standalone_domain/bsp/system.mss
TRACE::2024-11-21.17:59:29::SCWMssOS::DEBUG:  swdes dump  
TRACE::2024-11-21.17:59:29::SCWMssOS::No sw design opened at  D:/DATN.REFACTOR/software/top_level/microblaze_I/standalone_domain/bsp/system.mss
TRACE::2024-11-21.17:59:29::SCWMssOS::mss does not exists at D:/DATN.REFACTOR/software/top_level/microblaze_I/standalone_domain/bsp/system.mss
TRACE::2024-11-21.17:59:29::SCWMssOS::Creating sw design at  D:/DATN.REFACTOR/software/top_level/microblaze_I/standalone_domain/bsp/system.mss
TRACE::2024-11-21.17:59:29::SCWMssOS::Adding the swdes entry, created swdb D:/DATN.REFACTOR/software/top_level/microblaze_I/standalone_domain/bsp/system.mss with des name D:/DATN.REFACTOR/software/top_level/microblaze_I/standalone_domain/bsp/system.mss
TRACE::2024-11-21.17:59:29::SCWMssOS::updating the scw layer changes to swdes at   D:/DATN.REFACTOR/software/top_level/microblaze_I/standalone_domain/bsp/system.mss
TRACE::2024-11-21.17:59:29::SCWMssOS::Writing mss at D:/DATN.REFACTOR/software/top_level/microblaze_I/standalone_domain/bsp/system.mss
TRACE::2024-11-21.17:59:29::SCWMssOS::Completed writing the mss file at D:/DATN.REFACTOR/software/top_level/microblaze_I/standalone_domain/bsp
TRACE::2024-11-21.17:59:29::SCWMssOS::Picking up changes from newly written mss file into SCW Layer. 
TRACE::2024-11-21.17:59:29::SCWMssOS::Updated the changes from newly written mss file into SCW Layer. 
TRACE::2024-11-21.17:59:29::SCWPlatform::Trying to open the hw design at D:/DATN.REFACTOR/software/top_level/hw/top_level.xsa
TRACE::2024-11-21.17:59:29::SCWPlatform::DSA given D:/DATN.REFACTOR/software/top_level/hw/top_level.xsa
TRACE::2024-11-21.17:59:29::SCWPlatform::DSA absoulate path D:/DATN.REFACTOR/software/top_level/hw/top_level.xsa
TRACE::2024-11-21.17:59:29::SCWPlatform::DSA directory D:/DATN.REFACTOR/software/top_level/hw
TRACE::2024-11-21.17:59:29::SCWPlatform:: Platform Path D:/DATN.REFACTOR/software/top_level/hw/top_level.xsa
TRACE::2024-11-21.17:59:29::SCWPlatform:: Unique name xilinx:arty-a7-35::0.0
TRACE::2024-11-21.17:59:29::SCWPlatform::Trying to set the existing hwdb with name top_level_0
TRACE::2024-11-21.17:59:29::SCWPlatform::Opened existing hwdb top_level_0
TRACE::2024-11-21.17:59:29::SCWPlatform::Found the Hw Db part of the input DSA
TRACE::2024-11-21.17:59:29::SCWMssOS::Checking the sw design at  D:/DATN.REFACTOR/software/top_level/microblaze_I/standalone_domain/bsp/system.mss
TRACE::2024-11-21.17:59:29::SCWMssOS::DEBUG:  swdes dump  D:/DATN.REFACTOR/software/top_level/microblaze_I/standalone_domain/bsp/system.mss|D:/DATN.REFACTOR/software/top_level/microblaze_I/standalone_domain/bsp/system.mss||

TRACE::2024-11-21.17:59:29::SCWMssOS::Sw design exists and opened at  D:/DATN.REFACTOR/software/top_level/microblaze_I/standalone_domain/bsp/system.mss
TRACE::2024-11-21.17:59:29::SCWPlatform::Trying to open the hw design at D:/DATN.REFACTOR/software/top_level/hw/top_level.xsa
TRACE::2024-11-21.17:59:29::SCWPlatform::DSA given D:/DATN.REFACTOR/software/top_level/hw/top_level.xsa
TRACE::2024-11-21.17:59:29::SCWPlatform::DSA absoulate path D:/DATN.REFACTOR/software/top_level/hw/top_level.xsa
TRACE::2024-11-21.17:59:29::SCWPlatform::DSA directory D:/DATN.REFACTOR/software/top_level/hw
TRACE::2024-11-21.17:59:29::SCWPlatform:: Platform Path D:/DATN.REFACTOR/software/top_level/hw/top_level.xsa
TRACE::2024-11-21.17:59:29::SCWPlatform:: Unique name xilinx:arty-a7-35::0.0
TRACE::2024-11-21.17:59:29::SCWPlatform::Trying to set the existing hwdb with name top_level_0
TRACE::2024-11-21.17:59:29::SCWPlatform::Opened existing hwdb top_level_0
TRACE::2024-11-21.17:59:29::SCWPlatform::Found the Hw Db part of the input DSA
TRACE::2024-11-21.17:59:29::SCWMssOS::Checking the sw design at  D:/DATN.REFACTOR/software/top_level/microblaze_I/standalone_domain/bsp/system.mss
TRACE::2024-11-21.17:59:29::SCWMssOS::DEBUG:  swdes dump  D:/DATN.REFACTOR/software/top_level/microblaze_I/standalone_domain/bsp/system.mss|D:/DATN.REFACTOR/software/top_level/microblaze_I/standalone_domain/bsp/system.mss||

TRACE::2024-11-21.17:59:29::SCWMssOS::Sw design exists and opened at  D:/DATN.REFACTOR/software/top_level/microblaze_I/standalone_domain/bsp/system.mss
TRACE::2024-11-21.17:59:29::SCWPlatform::Trying to open the hw design at D:/DATN.REFACTOR/software/top_level/hw/top_level.xsa
TRACE::2024-11-21.17:59:29::SCWPlatform::DSA given D:/DATN.REFACTOR/software/top_level/hw/top_level.xsa
TRACE::2024-11-21.17:59:29::SCWPlatform::DSA absoulate path D:/DATN.REFACTOR/software/top_level/hw/top_level.xsa
TRACE::2024-11-21.17:59:29::SCWPlatform::DSA directory D:/DATN.REFACTOR/software/top_level/hw
TRACE::2024-11-21.17:59:29::SCWPlatform:: Platform Path D:/DATN.REFACTOR/software/top_level/hw/top_level.xsa
TRACE::2024-11-21.17:59:29::SCWPlatform:: Unique name xilinx:arty-a7-35::0.0
TRACE::2024-11-21.17:59:29::SCWPlatform::Trying to set the existing hwdb with name top_level_0
TRACE::2024-11-21.17:59:29::SCWPlatform::Opened existing hwdb top_level_0
TRACE::2024-11-21.17:59:29::SCWPlatform::Found the Hw Db part of the input DSA
TRACE::2024-11-21.17:59:29::SCWMssOS::Checking the sw design at  D:/DATN.REFACTOR/software/top_level/microblaze_I/standalone_domain/bsp/system.mss
TRACE::2024-11-21.17:59:29::SCWMssOS::DEBUG:  swdes dump  D:/DATN.REFACTOR/software/top_level/microblaze_I/standalone_domain/bsp/system.mss|D:/DATN.REFACTOR/software/top_level/microblaze_I/standalone_domain/bsp/system.mss||

TRACE::2024-11-21.17:59:29::SCWMssOS::Sw design exists and opened at  D:/DATN.REFACTOR/software/top_level/microblaze_I/standalone_domain/bsp/system.mss
TRACE::2024-11-21.17:59:29::SCWWriter::formatted JSON is {
	"platformName":	"top_level",
	"sprVersion":	"2.0",
	"mode":	"gui",
	"dsaType":	"Fixed",
	"platformDesc":	"top_level",
	"platHandOff":	"D:/DATN.REFACTOR/hardware/top_level.xsa",
	"platIntHandOff":	"<platformDir>/hw/top_level.xsa",
	"deviceType":	"FPGA",
	"platIsPrebuiltAutogen":	"false",
	"platIsNoBootBsp":	"false",
	"hasFsblMakeHasChanges":	"false",
	"hasPmufwMakeHasChanges":	"false",
	"platPreBuiltFlag":	false,
	"platformSamplesDir":	"",
	"platActiveSys":	"top_level",
	"systems":	[{
			"systemName":	"top_level",
			"systemDesc":	"top_level",
			"sysIsBootAutoGen":	"true",
			"systemDispName":	"top_level",
			"sysActiveDom":	"standalone_domain",
			"sysDefaultDom":	"standalone_domain",
			"domains":	[{
					"domainName":	"standalone_domain",
					"domainDispName":	"standalone on microblaze_I",
					"domainDesc":	"standalone_domain",
					"processors":	"microblaze_I",
					"os":	"standalone",
					"sdxOs":	"standalone",
					"debugEnable":	"False",
					"domRuntimes":	["cpp"],
					"swRepo":	"",
					"mssOsVer":	"7.1",
					"mssFile":	"",
					"md5Digest":	"",
					"compatibleApp":	"empty_application",
					"domType":	"mssDomain",
					"arch":	"32-bit",
					"appSettings":	{
						"appCompilerFlags":	"",
						"appLinkerFlags":	""
					},
					"addedLibs":	[],
					"libOptions":	{
						"libsContainingOptions":	[]
					},
					"prebuiltLibs":	{
						"prebuiltIncPath":	[],
						"prebuiltLibPath":	[]
					},
					"isolation":	{
					}
				}]
		}]
}
TRACE::2024-11-21.17:59:29::SCWPlatform::Trying to open the hw design at D:/DATN.REFACTOR/software/top_level/hw/top_level.xsa
TRACE::2024-11-21.17:59:29::SCWPlatform::DSA given D:/DATN.REFACTOR/software/top_level/hw/top_level.xsa
TRACE::2024-11-21.17:59:29::SCWPlatform::DSA absoulate path D:/DATN.REFACTOR/software/top_level/hw/top_level.xsa
TRACE::2024-11-21.17:59:29::SCWPlatform::DSA directory D:/DATN.REFACTOR/software/top_level/hw
TRACE::2024-11-21.17:59:29::SCWPlatform:: Platform Path D:/DATN.REFACTOR/software/top_level/hw/top_level.xsa
TRACE::2024-11-21.17:59:29::SCWPlatform:: Unique name xilinx:arty-a7-35::0.0
TRACE::2024-11-21.17:59:29::SCWPlatform::Trying to set the existing hwdb with name top_level_0
TRACE::2024-11-21.17:59:29::SCWPlatform::Opened existing hwdb top_level_0
TRACE::2024-11-21.17:59:29::SCWPlatform::Found the Hw Db part of the input DSA
TRACE::2024-11-21.17:59:29::SCWMssOS::Checking the sw design at  D:/DATN.REFACTOR/software/top_level/microblaze_I/standalone_domain/bsp/system.mss
TRACE::2024-11-21.17:59:29::SCWMssOS::DEBUG:  swdes dump  D:/DATN.REFACTOR/software/top_level/microblaze_I/standalone_domain/bsp/system.mss|D:/DATN.REFACTOR/software/top_level/microblaze_I/standalone_domain/bsp/system.mss||

TRACE::2024-11-21.17:59:29::SCWMssOS::Sw design exists and opened at  D:/DATN.REFACTOR/software/top_level/microblaze_I/standalone_domain/bsp/system.mss
TRACE::2024-11-21.17:59:29::SCWMssOS::Completed writing the mss file at D:/DATN.REFACTOR/software/top_level/microblaze_I/standalone_domain/bsp
TRACE::2024-11-21.17:59:29::SCWMssOS::Forcing BSP Sources regeneration.
LOG::2024-11-21.17:59:30::SCWPlatform::Started generating the artifacts platform top_level
TRACE::2024-11-21.17:59:30::SCWPlatform::Sanity checking of platform is completed
LOG::2024-11-21.17:59:30::SCWPlatform::Started generating the artifacts for system configuration top_level
LOG::2024-11-21.17:59:30::SCWSystem::Checking the domain standalone_domain
LOG::2024-11-21.17:59:30::SCWSystem::Not a boot domain 
LOG::2024-11-21.17:59:30::SCWSystem::Started Processing the domain standalone_domain
TRACE::2024-11-21.17:59:30::SCWDomain::Generating domain artifcats
TRACE::2024-11-21.17:59:30::SCWMssOS::Generating standalone artifcats
TRACE::2024-11-21.17:59:30::SCWMssOS:: Copying the user libraries. 
TRACE::2024-11-21.17:59:30::SCWPlatform::Trying to open the hw design at D:/DATN.REFACTOR/software/top_level/hw/top_level.xsa
TRACE::2024-11-21.17:59:30::SCWPlatform::DSA given D:/DATN.REFACTOR/software/top_level/hw/top_level.xsa
TRACE::2024-11-21.17:59:30::SCWPlatform::DSA absoulate path D:/DATN.REFACTOR/software/top_level/hw/top_level.xsa
TRACE::2024-11-21.17:59:30::SCWPlatform::DSA directory D:/DATN.REFACTOR/software/top_level/hw
TRACE::2024-11-21.17:59:30::SCWPlatform:: Platform Path D:/DATN.REFACTOR/software/top_level/hw/top_level.xsa
TRACE::2024-11-21.17:59:30::SCWPlatform:: Unique name xilinx:arty-a7-35::0.0
TRACE::2024-11-21.17:59:30::SCWPlatform::Trying to set the existing hwdb with name top_level_0
TRACE::2024-11-21.17:59:30::SCWPlatform::Opened existing hwdb top_level_0
TRACE::2024-11-21.17:59:30::SCWPlatform::Found the Hw Db part of the input DSA
TRACE::2024-11-21.17:59:30::SCWMssOS::Checking the sw design at  D:/DATN.REFACTOR/software/top_level/microblaze_I/standalone_domain/bsp/system.mss
TRACE::2024-11-21.17:59:30::SCWMssOS::DEBUG:  swdes dump  D:/DATN.REFACTOR/software/top_level/microblaze_I/standalone_domain/bsp/system.mss|D:/DATN.REFACTOR/software/top_level/microblaze_I/standalone_domain/bsp/system.mss||

KEYINFO::2024-11-21.17:59:30::SCWMssOS::Could not open the swdb for D:/DATN.REFACTOR/software/top_level/microblaze_I/standalone_domain/bsp/system.mss
KEYINFO::2024-11-21.17:59:30::SCWMssOS::Could not open the sw design at  D:/DATN.REFACTOR/software/top_level/microblaze_I/standalone_domain/bsp/system.mss
ERROR: [Hsi 55-1558] Software Design D:/DATN.REFACTOR/software/top_level/microblaze_I/standalone_domain/bsp/system.mss is not found

TRACE::2024-11-21.17:59:30::SCWMssOS::Cleared the swdb table entry
TRACE::2024-11-21.17:59:30::SCWMssOS::No sw design opened at  D:/DATN.REFACTOR/software/top_level/microblaze_I/standalone_domain/bsp/system.mss
TRACE::2024-11-21.17:59:30::SCWMssOS::mss exists loading the mss file  D:/DATN.REFACTOR/software/top_level/microblaze_I/standalone_domain/bsp/system.mss
TRACE::2024-11-21.17:59:30::SCWMssOS::Opened the sw design from mss  D:/DATN.REFACTOR/software/top_level/microblaze_I/standalone_domain/bsp/system.mss
TRACE::2024-11-21.17:59:30::SCWMssOS::Adding the swdes entry D:/DATN.REFACTOR/software/top_level/microblaze_I/standalone_domain/bsp/system.mss with des name system
TRACE::2024-11-21.17:59:30::SCWMssOS::updating the scw layer about changes
TRACE::2024-11-21.17:59:30::SCWMssOS::Opened the sw design.  D:/DATN.REFACTOR/software/top_level/microblaze_I/standalone_domain/bsp/system.mss
TRACE::2024-11-21.17:59:30::SCWMssOS::Completed writing the mss file at D:/DATN.REFACTOR/software/top_level/microblaze_I/standalone_domain/bsp
TRACE::2024-11-21.17:59:30::SCWMssOS::Mss edits present, copying mssfile into export location D:/DATN.REFACTOR/software/top_level/microblaze_I/standalone_domain/bsp/system.mss
TRACE::2024-11-21.17:59:30::SCWMssOS::bsp generated is upto date with the mss file. Skipping bsp generation.
TRACE::2024-11-21.17:59:30::SCWMssOS::BSP is already built. skipping the bsp build ... 
TRACE::2024-11-21.17:59:30::SCWDomain::Skipping the build for domain :  standalone_domain
TRACE::2024-11-21.17:59:30::SCWMssOS::skipping the bsp build ... 
TRACE::2024-11-21.17:59:30::SCWMssOS::Copying to export directory.
TRACE::2024-11-21.17:59:30::SCWMssOS:: Checking if to create the Supporting Applications
TRACE::2024-11-21.17:59:30::SCWMssOS:: No Linux domain exists, trying to generate FSBL 
LOG::2024-11-21.17:59:30::SCWSystem::Completed Processing the domain standalone_domain
LOG::2024-11-21.17:59:30::SCWSystem::Completed Processing the sysconfig top_level
LOG::2024-11-21.17:59:30::SCWPlatform::Completed generating the artifacts for system configuration top_level
TRACE::2024-11-21.17:59:30::SCWPlatform::Started preparing the platform 
TRACE::2024-11-21.17:59:30::SCWSystem::Writing the bif file for system config top_level
TRACE::2024-11-21.17:59:30::SCWSystem::dir created 
TRACE::2024-11-21.17:59:30::SCWSystem::Writing the bif 
TRACE::2024-11-21.17:59:30::SCWPlatform::Started writing the spfm file 
TRACE::2024-11-21.17:59:30::SCWPlatform::Started writing the xpfm file 
TRACE::2024-11-21.17:59:30::SCWPlatform::Completed generating the platform
TRACE::2024-11-21.17:59:30::SCWPlatform::Trying to open the hw design at D:/DATN.REFACTOR/software/top_level/hw/top_level.xsa
TRACE::2024-11-21.17:59:30::SCWPlatform::DSA given D:/DATN.REFACTOR/software/top_level/hw/top_level.xsa
TRACE::2024-11-21.17:59:30::SCWPlatform::DSA absoulate path D:/DATN.REFACTOR/software/top_level/hw/top_level.xsa
TRACE::2024-11-21.17:59:30::SCWPlatform::DSA directory D:/DATN.REFACTOR/software/top_level/hw
TRACE::2024-11-21.17:59:30::SCWPlatform:: Platform Path D:/DATN.REFACTOR/software/top_level/hw/top_level.xsa
TRACE::2024-11-21.17:59:30::SCWPlatform:: Unique name xilinx:arty-a7-35::0.0
TRACE::2024-11-21.17:59:30::SCWPlatform::Trying to set the existing hwdb with name top_level_0
TRACE::2024-11-21.17:59:30::SCWPlatform::Opened existing hwdb top_level_0
TRACE::2024-11-21.17:59:30::SCWPlatform::Found the Hw Db part of the input DSA
TRACE::2024-11-21.17:59:30::SCWMssOS::Checking the sw design at  D:/DATN.REFACTOR/software/top_level/microblaze_I/standalone_domain/bsp/system.mss
TRACE::2024-11-21.17:59:30::SCWMssOS::DEBUG:  swdes dump  D:/DATN.REFACTOR/software/top_level/microblaze_I/standalone_domain/bsp/system.mss|system||

TRACE::2024-11-21.17:59:30::SCWMssOS::Sw design exists and opened at  D:/DATN.REFACTOR/software/top_level/microblaze_I/standalone_domain/bsp/system.mss
TRACE::2024-11-21.17:59:30::SCWPlatform::Trying to open the hw design at D:/DATN.REFACTOR/software/top_level/hw/top_level.xsa
TRACE::2024-11-21.17:59:30::SCWPlatform::DSA given D:/DATN.REFACTOR/software/top_level/hw/top_level.xsa
TRACE::2024-11-21.17:59:30::SCWPlatform::DSA absoulate path D:/DATN.REFACTOR/software/top_level/hw/top_level.xsa
TRACE::2024-11-21.17:59:30::SCWPlatform::DSA directory D:/DATN.REFACTOR/software/top_level/hw
TRACE::2024-11-21.17:59:30::SCWPlatform:: Platform Path D:/DATN.REFACTOR/software/top_level/hw/top_level.xsa
TRACE::2024-11-21.17:59:30::SCWPlatform:: Unique name xilinx:arty-a7-35::0.0
TRACE::2024-11-21.17:59:30::SCWPlatform::Trying to set the existing hwdb with name top_level_0
TRACE::2024-11-21.17:59:30::SCWPlatform::Opened existing hwdb top_level_0
TRACE::2024-11-21.17:59:30::SCWPlatform::Found the Hw Db part of the input DSA
TRACE::2024-11-21.17:59:30::SCWMssOS::Checking the sw design at  D:/DATN.REFACTOR/software/top_level/microblaze_I/standalone_domain/bsp/system.mss
TRACE::2024-11-21.17:59:30::SCWMssOS::DEBUG:  swdes dump  D:/DATN.REFACTOR/software/top_level/microblaze_I/standalone_domain/bsp/system.mss|system||

TRACE::2024-11-21.17:59:30::SCWMssOS::Sw design exists and opened at  D:/DATN.REFACTOR/software/top_level/microblaze_I/standalone_domain/bsp/system.mss
TRACE::2024-11-21.17:59:30::SCWPlatform::Trying to open the hw design at D:/DATN.REFACTOR/software/top_level/hw/top_level.xsa
TRACE::2024-11-21.17:59:30::SCWPlatform::DSA given D:/DATN.REFACTOR/software/top_level/hw/top_level.xsa
TRACE::2024-11-21.17:59:30::SCWPlatform::DSA absoulate path D:/DATN.REFACTOR/software/top_level/hw/top_level.xsa
TRACE::2024-11-21.17:59:30::SCWPlatform::DSA directory D:/DATN.REFACTOR/software/top_level/hw
TRACE::2024-11-21.17:59:30::SCWPlatform:: Platform Path D:/DATN.REFACTOR/software/top_level/hw/top_level.xsa
TRACE::2024-11-21.17:59:30::SCWPlatform:: Unique name xilinx:arty-a7-35::0.0
TRACE::2024-11-21.17:59:30::SCWPlatform::Trying to set the existing hwdb with name top_level_0
TRACE::2024-11-21.17:59:30::SCWPlatform::Opened existing hwdb top_level_0
TRACE::2024-11-21.17:59:30::SCWPlatform::Found the Hw Db part of the input DSA
TRACE::2024-11-21.17:59:30::SCWMssOS::Checking the sw design at  D:/DATN.REFACTOR/software/top_level/microblaze_I/standalone_domain/bsp/system.mss
TRACE::2024-11-21.17:59:30::SCWMssOS::DEBUG:  swdes dump  D:/DATN.REFACTOR/software/top_level/microblaze_I/standalone_domain/bsp/system.mss|system||

TRACE::2024-11-21.17:59:30::SCWMssOS::Sw design exists and opened at  D:/DATN.REFACTOR/software/top_level/microblaze_I/standalone_domain/bsp/system.mss
TRACE::2024-11-21.17:59:30::SCWWriter::formatted JSON is {
	"platformName":	"top_level",
	"sprVersion":	"2.0",
	"mode":	"gui",
	"dsaType":	"Fixed",
	"platformDesc":	"top_level",
	"platHandOff":	"D:/DATN.REFACTOR/hardware/top_level.xsa",
	"platIntHandOff":	"<platformDir>/hw/top_level.xsa",
	"deviceType":	"FPGA",
	"platIsPrebuiltAutogen":	"false",
	"platIsNoBootBsp":	"false",
	"hasFsblMakeHasChanges":	"false",
	"hasPmufwMakeHasChanges":	"false",
	"platPreBuiltFlag":	false,
	"platformSamplesDir":	"",
	"platActiveSys":	"top_level",
	"systems":	[{
			"systemName":	"top_level",
			"systemDesc":	"top_level",
			"sysIsBootAutoGen":	"true",
			"systemDispName":	"top_level",
			"sysActiveDom":	"standalone_domain",
			"sysDefaultDom":	"standalone_domain",
			"domains":	[{
					"domainName":	"standalone_domain",
					"domainDispName":	"standalone on microblaze_I",
					"domainDesc":	"standalone_domain",
					"processors":	"microblaze_I",
					"os":	"standalone",
					"sdxOs":	"standalone",
					"debugEnable":	"False",
					"domRuntimes":	["cpp"],
					"swRepo":	"",
					"mssOsVer":	"7.1",
					"mssFile":	"",
					"md5Digest":	"5980cf6cd247c6a3af06b1a36b27a03f",
					"compatibleApp":	"empty_application",
					"domType":	"mssDomain",
					"arch":	"32-bit",
					"appSettings":	{
						"appCompilerFlags":	"",
						"appLinkerFlags":	""
					},
					"addedLibs":	[],
					"libOptions":	{
						"libsContainingOptions":	[]
					},
					"prebuiltLibs":	{
						"prebuiltIncPath":	[],
						"prebuiltLibPath":	[]
					},
					"isolation":	{
					}
				}]
		}]
}
KEYINFO::2024-11-21.17:59:30::SCWPlatform::updated the xpfm file.
TRACE::2024-11-21.17:59:30::SCWPlatform::Trying to open the hw design at D:/DATN.REFACTOR/software/top_level/hw/top_level.xsa
TRACE::2024-11-21.17:59:30::SCWPlatform::DSA given D:/DATN.REFACTOR/software/top_level/hw/top_level.xsa
TRACE::2024-11-21.17:59:30::SCWPlatform::DSA absoulate path D:/DATN.REFACTOR/software/top_level/hw/top_level.xsa
TRACE::2024-11-21.17:59:30::SCWPlatform::DSA directory D:/DATN.REFACTOR/software/top_level/hw
TRACE::2024-11-21.17:59:30::SCWPlatform:: Platform Path D:/DATN.REFACTOR/software/top_level/hw/top_level.xsa
TRACE::2024-11-21.17:59:30::SCWPlatform:: Unique name xilinx:arty-a7-35::0.0
TRACE::2024-11-21.17:59:30::SCWPlatform::Trying to set the existing hwdb with name top_level_0
TRACE::2024-11-21.17:59:30::SCWPlatform::Opened existing hwdb top_level_0
TRACE::2024-11-21.17:59:30::SCWPlatform::Found the Hw Db part of the input DSA
TRACE::2024-11-21.17:59:30::SCWMssOS::Checking the sw design at  D:/DATN.REFACTOR/software/top_level/microblaze_I/standalone_domain/bsp/system.mss
TRACE::2024-11-21.17:59:30::SCWMssOS::DEBUG:  swdes dump  D:/DATN.REFACTOR/software/top_level/microblaze_I/standalone_domain/bsp/system.mss|system||

TRACE::2024-11-21.17:59:30::SCWMssOS::Sw design exists and opened at  D:/DATN.REFACTOR/software/top_level/microblaze_I/standalone_domain/bsp/system.mss
TRACE::2024-11-21.17:59:30::SCWPlatform::Trying to open the hw design at D:/DATN.REFACTOR/software/top_level/hw/top_level.xsa
TRACE::2024-11-21.17:59:30::SCWPlatform::DSA given D:/DATN.REFACTOR/software/top_level/hw/top_level.xsa
TRACE::2024-11-21.17:59:30::SCWPlatform::DSA absoulate path D:/DATN.REFACTOR/software/top_level/hw/top_level.xsa
TRACE::2024-11-21.17:59:30::SCWPlatform::DSA directory D:/DATN.REFACTOR/software/top_level/hw
TRACE::2024-11-21.17:59:30::SCWPlatform:: Platform Path D:/DATN.REFACTOR/software/top_level/hw/top_level.xsa
TRACE::2024-11-21.17:59:30::SCWPlatform:: Unique name xilinx:arty-a7-35::0.0
TRACE::2024-11-21.17:59:30::SCWPlatform::Trying to set the existing hwdb with name top_level_0
TRACE::2024-11-21.17:59:30::SCWPlatform::Opened existing hwdb top_level_0
TRACE::2024-11-21.17:59:30::SCWPlatform::Found the Hw Db part of the input DSA
TRACE::2024-11-21.17:59:30::SCWMssOS::Checking the sw design at  D:/DATN.REFACTOR/software/top_level/microblaze_I/standalone_domain/bsp/system.mss
TRACE::2024-11-21.17:59:30::SCWMssOS::DEBUG:  swdes dump  D:/DATN.REFACTOR/software/top_level/microblaze_I/standalone_domain/bsp/system.mss|system||

TRACE::2024-11-21.17:59:30::SCWMssOS::Sw design exists and opened at  D:/DATN.REFACTOR/software/top_level/microblaze_I/standalone_domain/bsp/system.mss
TRACE::2024-11-21.17:59:30::SCWPlatform::Trying to open the hw design at D:/DATN.REFACTOR/software/top_level/hw/top_level.xsa
TRACE::2024-11-21.17:59:30::SCWPlatform::DSA given D:/DATN.REFACTOR/software/top_level/hw/top_level.xsa
TRACE::2024-11-21.17:59:30::SCWPlatform::DSA absoulate path D:/DATN.REFACTOR/software/top_level/hw/top_level.xsa
TRACE::2024-11-21.17:59:30::SCWPlatform::DSA directory D:/DATN.REFACTOR/software/top_level/hw
TRACE::2024-11-21.17:59:30::SCWPlatform:: Platform Path D:/DATN.REFACTOR/software/top_level/hw/top_level.xsa
TRACE::2024-11-21.17:59:30::SCWPlatform:: Unique name xilinx:arty-a7-35::0.0
TRACE::2024-11-21.17:59:30::SCWPlatform::Trying to set the existing hwdb with name top_level_0
TRACE::2024-11-21.17:59:30::SCWPlatform::Opened existing hwdb top_level_0
TRACE::2024-11-21.17:59:30::SCWPlatform::Found the Hw Db part of the input DSA
TRACE::2024-11-21.17:59:30::SCWMssOS::Checking the sw design at  D:/DATN.REFACTOR/software/top_level/microblaze_I/standalone_domain/bsp/system.mss
TRACE::2024-11-21.17:59:30::SCWMssOS::DEBUG:  swdes dump  D:/DATN.REFACTOR/software/top_level/microblaze_I/standalone_domain/bsp/system.mss|system||

TRACE::2024-11-21.17:59:30::SCWMssOS::Sw design exists and opened at  D:/DATN.REFACTOR/software/top_level/microblaze_I/standalone_domain/bsp/system.mss
TRACE::2024-11-21.17:59:30::SCWPlatform::Trying to open the hw design at D:/DATN.REFACTOR/software/top_level/hw/top_level.xsa
TRACE::2024-11-21.17:59:30::SCWPlatform::DSA given D:/DATN.REFACTOR/software/top_level/hw/top_level.xsa
TRACE::2024-11-21.17:59:30::SCWPlatform::DSA absoulate path D:/DATN.REFACTOR/software/top_level/hw/top_level.xsa
TRACE::2024-11-21.17:59:30::SCWPlatform::DSA directory D:/DATN.REFACTOR/software/top_level/hw
TRACE::2024-11-21.17:59:30::SCWPlatform:: Platform Path D:/DATN.REFACTOR/software/top_level/hw/top_level.xsa
TRACE::2024-11-21.17:59:30::SCWPlatform:: Unique name xilinx:arty-a7-35::0.0
TRACE::2024-11-21.17:59:30::SCWPlatform::Trying to set the existing hwdb with name top_level_0
TRACE::2024-11-21.17:59:30::SCWPlatform::Opened existing hwdb top_level_0
TRACE::2024-11-21.17:59:30::SCWPlatform::Found the Hw Db part of the input DSA
TRACE::2024-11-21.17:59:30::SCWMssOS::Checking the sw design at  D:/DATN.REFACTOR/software/top_level/microblaze_I/standalone_domain/bsp/system.mss
TRACE::2024-11-21.17:59:30::SCWMssOS::DEBUG:  swdes dump  D:/DATN.REFACTOR/software/top_level/microblaze_I/standalone_domain/bsp/system.mss|system||

TRACE::2024-11-21.17:59:30::SCWMssOS::Sw design exists and opened at  D:/DATN.REFACTOR/software/top_level/microblaze_I/standalone_domain/bsp/system.mss
TRACE::2024-11-21.17:59:30::SCWWriter::formatted JSON is {
	"platformName":	"top_level",
	"sprVersion":	"2.0",
	"mode":	"gui",
	"dsaType":	"Fixed",
	"platformDesc":	"top_level",
	"platHandOff":	"D:/DATN.REFACTOR/hardware/top_level.xsa",
	"platIntHandOff":	"<platformDir>/hw/top_level.xsa",
	"deviceType":	"FPGA",
	"platIsPrebuiltAutogen":	"false",
	"platIsNoBootBsp":	"false",
	"hasFsblMakeHasChanges":	"false",
	"hasPmufwMakeHasChanges":	"false",
	"platPreBuiltFlag":	false,
	"platformSamplesDir":	"",
	"platActiveSys":	"top_level",
	"systems":	[{
			"systemName":	"top_level",
			"systemDesc":	"top_level",
			"sysIsBootAutoGen":	"true",
			"systemDispName":	"top_level",
			"sysActiveDom":	"standalone_domain",
			"sysDefaultDom":	"standalone_domain",
			"domains":	[{
					"domainName":	"standalone_domain",
					"domainDispName":	"standalone on microblaze_I",
					"domainDesc":	"standalone_domain",
					"processors":	"microblaze_I",
					"os":	"standalone",
					"sdxOs":	"standalone",
					"debugEnable":	"False",
					"domRuntimes":	["cpp"],
					"swRepo":	"",
					"mssOsVer":	"7.1",
					"mssFile":	"",
					"md5Digest":	"5980cf6cd247c6a3af06b1a36b27a03f",
					"compatibleApp":	"empty_application",
					"domType":	"mssDomain",
					"arch":	"32-bit",
					"appSettings":	{
						"appCompilerFlags":	"",
						"appLinkerFlags":	""
					},
					"addedLibs":	[],
					"libOptions":	{
						"libsContainingOptions":	[]
					},
					"prebuiltLibs":	{
						"prebuiltIncPath":	[],
						"prebuiltLibPath":	[]
					},
					"isolation":	{
					}
				}]
		}]
}
TRACE::2024-11-21.17:59:30::SCWPlatform::Trying to open the hw design at D:/DATN.REFACTOR/software/top_level/hw/top_level.xsa
TRACE::2024-11-21.17:59:30::SCWPlatform::DSA given D:/DATN.REFACTOR/software/top_level/hw/top_level.xsa
TRACE::2024-11-21.17:59:30::SCWPlatform::DSA absoulate path D:/DATN.REFACTOR/software/top_level/hw/top_level.xsa
TRACE::2024-11-21.17:59:30::SCWPlatform::DSA directory D:/DATN.REFACTOR/software/top_level/hw
TRACE::2024-11-21.17:59:30::SCWPlatform:: Platform Path D:/DATN.REFACTOR/software/top_level/hw/top_level.xsa
TRACE::2024-11-21.17:59:30::SCWPlatform:: Unique name xilinx:arty-a7-35::0.0
TRACE::2024-11-21.17:59:30::SCWPlatform::Trying to set the existing hwdb with name top_level_0
TRACE::2024-11-21.17:59:30::SCWPlatform::Opened existing hwdb top_level_0
TRACE::2024-11-21.17:59:30::SCWPlatform::Found the Hw Db part of the input DSA
TRACE::2024-11-21.17:59:30::SCWMssOS::Checking the sw design at  D:/DATN.REFACTOR/software/top_level/microblaze_I/standalone_domain/bsp/system.mss
TRACE::2024-11-21.17:59:30::SCWMssOS::DEBUG:  swdes dump  D:/DATN.REFACTOR/software/top_level/microblaze_I/standalone_domain/bsp/system.mss|system||

TRACE::2024-11-21.17:59:30::SCWMssOS::Sw design exists and opened at  D:/DATN.REFACTOR/software/top_level/microblaze_I/standalone_domain/bsp/system.mss
TRACE::2024-11-21.17:59:30::SCWPlatform::Trying to open the hw design at D:/DATN.REFACTOR/software/top_level/hw/top_level.xsa
TRACE::2024-11-21.17:59:30::SCWPlatform::DSA given D:/DATN.REFACTOR/software/top_level/hw/top_level.xsa
TRACE::2024-11-21.17:59:30::SCWPlatform::DSA absoulate path D:/DATN.REFACTOR/software/top_level/hw/top_level.xsa
TRACE::2024-11-21.17:59:30::SCWPlatform::DSA directory D:/DATN.REFACTOR/software/top_level/hw
TRACE::2024-11-21.17:59:30::SCWPlatform:: Platform Path D:/DATN.REFACTOR/software/top_level/hw/top_level.xsa
TRACE::2024-11-21.17:59:30::SCWPlatform:: Unique name xilinx:arty-a7-35::0.0
TRACE::2024-11-21.17:59:30::SCWPlatform::Trying to set the existing hwdb with name top_level_0
TRACE::2024-11-21.17:59:30::SCWPlatform::Opened existing hwdb top_level_0
TRACE::2024-11-21.17:59:30::SCWPlatform::Found the Hw Db part of the input DSA
TRACE::2024-11-21.17:59:30::SCWMssOS::Checking the sw design at  D:/DATN.REFACTOR/software/top_level/microblaze_I/standalone_domain/bsp/system.mss
TRACE::2024-11-21.17:59:30::SCWMssOS::DEBUG:  swdes dump  D:/DATN.REFACTOR/software/top_level/microblaze_I/standalone_domain/bsp/system.mss|system||

TRACE::2024-11-21.17:59:30::SCWMssOS::Sw design exists and opened at  D:/DATN.REFACTOR/software/top_level/microblaze_I/standalone_domain/bsp/system.mss
TRACE::2024-11-21.17:59:30::SCWPlatform::Trying to open the hw design at D:/DATN.REFACTOR/software/top_level/hw/top_level.xsa
TRACE::2024-11-21.17:59:30::SCWPlatform::DSA given D:/DATN.REFACTOR/software/top_level/hw/top_level.xsa
TRACE::2024-11-21.17:59:30::SCWPlatform::DSA absoulate path D:/DATN.REFACTOR/software/top_level/hw/top_level.xsa
TRACE::2024-11-21.17:59:30::SCWPlatform::DSA directory D:/DATN.REFACTOR/software/top_level/hw
TRACE::2024-11-21.17:59:30::SCWPlatform:: Platform Path D:/DATN.REFACTOR/software/top_level/hw/top_level.xsa
TRACE::2024-11-21.17:59:30::SCWPlatform:: Unique name xilinx:arty-a7-35::0.0
TRACE::2024-11-21.17:59:30::SCWPlatform::Trying to set the existing hwdb with name top_level_0
TRACE::2024-11-21.17:59:30::SCWPlatform::Opened existing hwdb top_level_0
TRACE::2024-11-21.17:59:30::SCWPlatform::Found the Hw Db part of the input DSA
TRACE::2024-11-21.17:59:30::SCWMssOS::Checking the sw design at  D:/DATN.REFACTOR/software/top_level/microblaze_I/standalone_domain/bsp/system.mss
TRACE::2024-11-21.17:59:30::SCWMssOS::DEBUG:  swdes dump  D:/DATN.REFACTOR/software/top_level/microblaze_I/standalone_domain/bsp/system.mss|system||

TRACE::2024-11-21.17:59:30::SCWMssOS::Sw design exists and opened at  D:/DATN.REFACTOR/software/top_level/microblaze_I/standalone_domain/bsp/system.mss
TRACE::2024-11-21.17:59:30::SCWPlatform::Trying to open the hw design at D:/DATN.REFACTOR/software/top_level/hw/top_level.xsa
TRACE::2024-11-21.17:59:30::SCWPlatform::DSA given D:/DATN.REFACTOR/software/top_level/hw/top_level.xsa
TRACE::2024-11-21.17:59:30::SCWPlatform::DSA absoulate path D:/DATN.REFACTOR/software/top_level/hw/top_level.xsa
TRACE::2024-11-21.17:59:30::SCWPlatform::DSA directory D:/DATN.REFACTOR/software/top_level/hw
TRACE::2024-11-21.17:59:30::SCWPlatform:: Platform Path D:/DATN.REFACTOR/software/top_level/hw/top_level.xsa
TRACE::2024-11-21.17:59:30::SCWPlatform:: Unique name xilinx:arty-a7-35::0.0
TRACE::2024-11-21.17:59:30::SCWPlatform::Trying to set the existing hwdb with name top_level_0
TRACE::2024-11-21.17:59:30::SCWPlatform::Opened existing hwdb top_level_0
TRACE::2024-11-21.17:59:30::SCWPlatform::Found the Hw Db part of the input DSA
TRACE::2024-11-21.17:59:30::SCWMssOS::Checking the sw design at  D:/DATN.REFACTOR/software/top_level/microblaze_I/standalone_domain/bsp/system.mss
TRACE::2024-11-21.17:59:30::SCWMssOS::DEBUG:  swdes dump  D:/DATN.REFACTOR/software/top_level/microblaze_I/standalone_domain/bsp/system.mss|system||

TRACE::2024-11-21.17:59:30::SCWMssOS::Sw design exists and opened at  D:/DATN.REFACTOR/software/top_level/microblaze_I/standalone_domain/bsp/system.mss
TRACE::2024-11-21.17:59:30::SCWPlatform::Trying to open the hw design at D:/DATN.REFACTOR/software/top_level/hw/top_level.xsa
TRACE::2024-11-21.17:59:30::SCWPlatform::DSA given D:/DATN.REFACTOR/software/top_level/hw/top_level.xsa
TRACE::2024-11-21.17:59:30::SCWPlatform::DSA absoulate path D:/DATN.REFACTOR/software/top_level/hw/top_level.xsa
TRACE::2024-11-21.17:59:30::SCWPlatform::DSA directory D:/DATN.REFACTOR/software/top_level/hw
TRACE::2024-11-21.17:59:30::SCWPlatform:: Platform Path D:/DATN.REFACTOR/software/top_level/hw/top_level.xsa
TRACE::2024-11-21.17:59:30::SCWPlatform:: Unique name xilinx:arty-a7-35::0.0
TRACE::2024-11-21.17:59:30::SCWPlatform::Trying to set the existing hwdb with name top_level_0
TRACE::2024-11-21.17:59:30::SCWPlatform::Opened existing hwdb top_level_0
TRACE::2024-11-21.17:59:30::SCWPlatform::Found the Hw Db part of the input DSA
TRACE::2024-11-21.17:59:30::SCWMssOS::Checking the sw design at  D:/DATN.REFACTOR/software/top_level/microblaze_I/standalone_domain/bsp/system.mss
TRACE::2024-11-21.17:59:30::SCWMssOS::DEBUG:  swdes dump  D:/DATN.REFACTOR/software/top_level/microblaze_I/standalone_domain/bsp/system.mss|system||

TRACE::2024-11-21.17:59:30::SCWMssOS::Sw design exists and opened at  D:/DATN.REFACTOR/software/top_level/microblaze_I/standalone_domain/bsp/system.mss
TRACE::2024-11-21.17:59:30::SCWWriter::formatted JSON is {
	"platformName":	"top_level",
	"sprVersion":	"2.0",
	"mode":	"gui",
	"dsaType":	"Fixed",
	"platformDesc":	"top_level",
	"platHandOff":	"D:/DATN.REFACTOR/hardware/top_level.xsa",
	"platIntHandOff":	"<platformDir>/hw/top_level.xsa",
	"deviceType":	"FPGA",
	"platIsPrebuiltAutogen":	"false",
	"platIsNoBootBsp":	"false",
	"hasFsblMakeHasChanges":	"false",
	"hasPmufwMakeHasChanges":	"false",
	"platPreBuiltFlag":	false,
	"platformSamplesDir":	"",
	"platActiveSys":	"top_level",
	"systems":	[{
			"systemName":	"top_level",
			"systemDesc":	"top_level",
			"sysIsBootAutoGen":	"true",
			"systemDispName":	"top_level",
			"sysActiveDom":	"standalone_domain",
			"sysDefaultDom":	"standalone_domain",
			"domains":	[{
					"domainName":	"standalone_domain",
					"domainDispName":	"standalone on microblaze_I",
					"domainDesc":	"standalone_domain",
					"processors":	"microblaze_I",
					"os":	"standalone",
					"sdxOs":	"standalone",
					"debugEnable":	"False",
					"domRuntimes":	["cpp"],
					"swRepo":	"",
					"mssOsVer":	"7.1",
					"mssFile":	"",
					"md5Digest":	"5980cf6cd247c6a3af06b1a36b27a03f",
					"compatibleApp":	"empty_application",
					"domType":	"mssDomain",
					"arch":	"32-bit",
					"appSettings":	{
						"appCompilerFlags":	"",
						"appLinkerFlags":	""
					},
					"addedLibs":	[],
					"libOptions":	{
						"libsContainingOptions":	[]
					},
					"prebuiltLibs":	{
						"prebuiltIncPath":	[],
						"prebuiltLibPath":	[]
					},
					"isolation":	{
					}
				}]
		}]
}
LOG::2024-11-21.17:59:31::SCWPlatform::Started generating the artifacts platform top_level
TRACE::2024-11-21.17:59:31::SCWPlatform::Sanity checking of platform is completed
LOG::2024-11-21.17:59:31::SCWPlatform::Started generating the artifacts for system configuration top_level
LOG::2024-11-21.17:59:31::SCWSystem::Started Processing the domain standalone_domain
TRACE::2024-11-21.17:59:31::SCWDomain::Generating domain artifcats
TRACE::2024-11-21.17:59:31::SCWMssOS::Generating standalone artifcats
TRACE::2024-11-21.17:59:31::SCWMssOS:: Copying the user libraries. 
TRACE::2024-11-21.17:59:31::SCWPlatform::Trying to open the hw design at D:/DATN.REFACTOR/software/top_level/hw/top_level.xsa
TRACE::2024-11-21.17:59:31::SCWPlatform::DSA given D:/DATN.REFACTOR/software/top_level/hw/top_level.xsa
TRACE::2024-11-21.17:59:31::SCWPlatform::DSA absoulate path D:/DATN.REFACTOR/software/top_level/hw/top_level.xsa
TRACE::2024-11-21.17:59:31::SCWPlatform::DSA directory D:/DATN.REFACTOR/software/top_level/hw
TRACE::2024-11-21.17:59:31::SCWPlatform:: Platform Path D:/DATN.REFACTOR/software/top_level/hw/top_level.xsa
TRACE::2024-11-21.17:59:31::SCWPlatform:: Unique name xilinx:arty-a7-35::0.0
TRACE::2024-11-21.17:59:31::SCWPlatform::Trying to set the existing hwdb with name top_level_0
TRACE::2024-11-21.17:59:31::SCWPlatform::Opened existing hwdb top_level_0
TRACE::2024-11-21.17:59:31::SCWPlatform::Found the Hw Db part of the input DSA
TRACE::2024-11-21.17:59:31::SCWMssOS::Checking the sw design at  D:/DATN.REFACTOR/software/top_level/microblaze_I/standalone_domain/bsp/system.mss
TRACE::2024-11-21.17:59:31::SCWMssOS::DEBUG:  swdes dump  D:/DATN.REFACTOR/software/top_level/microblaze_I/standalone_domain/bsp/system.mss|system||

TRACE::2024-11-21.17:59:31::SCWMssOS::Sw design exists and opened at  D:/DATN.REFACTOR/software/top_level/microblaze_I/standalone_domain/bsp/system.mss
TRACE::2024-11-21.17:59:31::SCWMssOS::Completed writing the mss file at D:/DATN.REFACTOR/software/top_level/microblaze_I/standalone_domain/bsp
TRACE::2024-11-21.17:59:31::SCWMssOS::Mss edits present, copying mssfile into export location D:/DATN.REFACTOR/software/top_level/microblaze_I/standalone_domain/bsp/system.mss
TRACE::2024-11-21.17:59:31::SCWMssOS::bsp generated is upto date with the mss file. Skipping bsp generation.
TRACE::2024-11-21.17:59:31::SCWMssOS::BSP is already built. skipping the bsp build ... 
TRACE::2024-11-21.17:59:31::SCWDomain::Building the domain as part of full build :  standalone_domain
TRACE::2024-11-21.17:59:31::SCWMssOS::skipping the bsp build ... 
TRACE::2024-11-21.17:59:31::SCWMssOS::Copying to export directory.
TRACE::2024-11-21.17:59:31::SCWMssOS:: Checking if to create the Supporting Applications
TRACE::2024-11-21.17:59:31::SCWMssOS:: No Linux domain exists, trying to generate FSBL 
LOG::2024-11-21.17:59:31::SCWSystem::Completed Processing the domain standalone_domain
LOG::2024-11-21.17:59:31::SCWSystem::Completed Processing the sysconfig top_level
LOG::2024-11-21.17:59:31::SCWPlatform::Completed generating the artifacts for system configuration top_level
TRACE::2024-11-21.17:59:31::SCWPlatform::Started preparing the platform 
TRACE::2024-11-21.17:59:31::SCWSystem::Writing the bif file for system config top_level
TRACE::2024-11-21.17:59:31::SCWSystem::dir created 
TRACE::2024-11-21.17:59:31::SCWSystem::Writing the bif 
TRACE::2024-11-21.17:59:31::SCWPlatform::Started writing the spfm file 
TRACE::2024-11-21.17:59:31::SCWPlatform::Started writing the xpfm file 
TRACE::2024-11-21.17:59:31::SCWPlatform::Completed generating the platform
TRACE::2024-11-21.17:59:31::SCWPlatform::Trying to open the hw design at D:/DATN.REFACTOR/software/top_level/hw/top_level.xsa
TRACE::2024-11-21.17:59:31::SCWPlatform::DSA given D:/DATN.REFACTOR/software/top_level/hw/top_level.xsa
TRACE::2024-11-21.17:59:31::SCWPlatform::DSA absoulate path D:/DATN.REFACTOR/software/top_level/hw/top_level.xsa
TRACE::2024-11-21.17:59:31::SCWPlatform::DSA directory D:/DATN.REFACTOR/software/top_level/hw
TRACE::2024-11-21.17:59:31::SCWPlatform:: Platform Path D:/DATN.REFACTOR/software/top_level/hw/top_level.xsa
TRACE::2024-11-21.17:59:31::SCWPlatform:: Unique name xilinx:arty-a7-35::0.0
TRACE::2024-11-21.17:59:31::SCWPlatform::Trying to set the existing hwdb with name top_level_0
TRACE::2024-11-21.17:59:31::SCWPlatform::Opened existing hwdb top_level_0
TRACE::2024-11-21.17:59:31::SCWPlatform::Found the Hw Db part of the input DSA
TRACE::2024-11-21.17:59:31::SCWMssOS::Checking the sw design at  D:/DATN.REFACTOR/software/top_level/microblaze_I/standalone_domain/bsp/system.mss
TRACE::2024-11-21.17:59:31::SCWMssOS::DEBUG:  swdes dump  D:/DATN.REFACTOR/software/top_level/microblaze_I/standalone_domain/bsp/system.mss|system||

TRACE::2024-11-21.17:59:31::SCWMssOS::Sw design exists and opened at  D:/DATN.REFACTOR/software/top_level/microblaze_I/standalone_domain/bsp/system.mss
TRACE::2024-11-21.17:59:31::SCWPlatform::Trying to open the hw design at D:/DATN.REFACTOR/software/top_level/hw/top_level.xsa
TRACE::2024-11-21.17:59:31::SCWPlatform::DSA given D:/DATN.REFACTOR/software/top_level/hw/top_level.xsa
TRACE::2024-11-21.17:59:31::SCWPlatform::DSA absoulate path D:/DATN.REFACTOR/software/top_level/hw/top_level.xsa
TRACE::2024-11-21.17:59:31::SCWPlatform::DSA directory D:/DATN.REFACTOR/software/top_level/hw
TRACE::2024-11-21.17:59:31::SCWPlatform:: Platform Path D:/DATN.REFACTOR/software/top_level/hw/top_level.xsa
TRACE::2024-11-21.17:59:31::SCWPlatform:: Unique name xilinx:arty-a7-35::0.0
TRACE::2024-11-21.17:59:31::SCWPlatform::Trying to set the existing hwdb with name top_level_0
TRACE::2024-11-21.17:59:31::SCWPlatform::Opened existing hwdb top_level_0
TRACE::2024-11-21.17:59:31::SCWPlatform::Found the Hw Db part of the input DSA
TRACE::2024-11-21.17:59:31::SCWMssOS::Checking the sw design at  D:/DATN.REFACTOR/software/top_level/microblaze_I/standalone_domain/bsp/system.mss
TRACE::2024-11-21.17:59:31::SCWMssOS::DEBUG:  swdes dump  D:/DATN.REFACTOR/software/top_level/microblaze_I/standalone_domain/bsp/system.mss|system||

TRACE::2024-11-21.17:59:31::SCWMssOS::Sw design exists and opened at  D:/DATN.REFACTOR/software/top_level/microblaze_I/standalone_domain/bsp/system.mss
TRACE::2024-11-21.17:59:31::SCWPlatform::Trying to open the hw design at D:/DATN.REFACTOR/software/top_level/hw/top_level.xsa
TRACE::2024-11-21.17:59:31::SCWPlatform::DSA given D:/DATN.REFACTOR/software/top_level/hw/top_level.xsa
TRACE::2024-11-21.17:59:31::SCWPlatform::DSA absoulate path D:/DATN.REFACTOR/software/top_level/hw/top_level.xsa
TRACE::2024-11-21.17:59:31::SCWPlatform::DSA directory D:/DATN.REFACTOR/software/top_level/hw
TRACE::2024-11-21.17:59:31::SCWPlatform:: Platform Path D:/DATN.REFACTOR/software/top_level/hw/top_level.xsa
TRACE::2024-11-21.17:59:31::SCWPlatform:: Unique name xilinx:arty-a7-35::0.0
TRACE::2024-11-21.17:59:31::SCWPlatform::Trying to set the existing hwdb with name top_level_0
TRACE::2024-11-21.17:59:31::SCWPlatform::Opened existing hwdb top_level_0
TRACE::2024-11-21.17:59:31::SCWPlatform::Found the Hw Db part of the input DSA
TRACE::2024-11-21.17:59:31::SCWMssOS::Checking the sw design at  D:/DATN.REFACTOR/software/top_level/microblaze_I/standalone_domain/bsp/system.mss
TRACE::2024-11-21.17:59:31::SCWMssOS::DEBUG:  swdes dump  D:/DATN.REFACTOR/software/top_level/microblaze_I/standalone_domain/bsp/system.mss|system||

TRACE::2024-11-21.17:59:31::SCWMssOS::Sw design exists and opened at  D:/DATN.REFACTOR/software/top_level/microblaze_I/standalone_domain/bsp/system.mss
TRACE::2024-11-21.17:59:31::SCWWriter::formatted JSON is {
	"platformName":	"top_level",
	"sprVersion":	"2.0",
	"mode":	"gui",
	"dsaType":	"Fixed",
	"platformDesc":	"top_level",
	"platHandOff":	"D:/DATN.REFACTOR/hardware/top_level.xsa",
	"platIntHandOff":	"<platformDir>/hw/top_level.xsa",
	"deviceType":	"FPGA",
	"platIsPrebuiltAutogen":	"false",
	"platIsNoBootBsp":	"false",
	"hasFsblMakeHasChanges":	"false",
	"hasPmufwMakeHasChanges":	"false",
	"platPreBuiltFlag":	false,
	"platformSamplesDir":	"",
	"platActiveSys":	"top_level",
	"systems":	[{
			"systemName":	"top_level",
			"systemDesc":	"top_level",
			"sysIsBootAutoGen":	"true",
			"systemDispName":	"top_level",
			"sysActiveDom":	"standalone_domain",
			"sysDefaultDom":	"standalone_domain",
			"domains":	[{
					"domainName":	"standalone_domain",
					"domainDispName":	"standalone on microblaze_I",
					"domainDesc":	"standalone_domain",
					"processors":	"microblaze_I",
					"os":	"standalone",
					"sdxOs":	"standalone",
					"debugEnable":	"False",
					"domRuntimes":	["cpp"],
					"swRepo":	"",
					"mssOsVer":	"7.1",
					"mssFile":	"",
					"md5Digest":	"5980cf6cd247c6a3af06b1a36b27a03f",
					"compatibleApp":	"empty_application",
					"domType":	"mssDomain",
					"arch":	"32-bit",
					"appSettings":	{
						"appCompilerFlags":	"",
						"appLinkerFlags":	""
					},
					"addedLibs":	[],
					"libOptions":	{
						"libsContainingOptions":	[]
					},
					"prebuiltLibs":	{
						"prebuiltIncPath":	[],
						"prebuiltLibPath":	[]
					},
					"isolation":	{
					}
				}]
		}]
}
KEYINFO::2024-11-21.17:59:31::SCWPlatform::updated the xpfm file.
LOG::2024-11-21.17:59:59::SCWPlatform::Started generating the artifacts platform top_level
TRACE::2024-11-21.17:59:59::SCWPlatform::Sanity checking of platform is completed
LOG::2024-11-21.17:59:59::SCWPlatform::Started generating the artifacts for system configuration top_level
LOG::2024-11-21.17:59:59::SCWSystem::Checking the domain standalone_domain
LOG::2024-11-21.17:59:59::SCWSystem::Not a boot domain 
LOG::2024-11-21.17:59:59::SCWSystem::Started Processing the domain standalone_domain
TRACE::2024-11-21.17:59:59::SCWDomain::Generating domain artifcats
TRACE::2024-11-21.17:59:59::SCWMssOS::Generating standalone artifcats
TRACE::2024-11-21.17:59:59::SCWMssOS:: Copying the user libraries. 
TRACE::2024-11-21.17:59:59::SCWPlatform::Trying to open the hw design at D:/DATN.REFACTOR/software/top_level/hw/top_level.xsa
TRACE::2024-11-21.17:59:59::SCWPlatform::DSA given D:/DATN.REFACTOR/software/top_level/hw/top_level.xsa
TRACE::2024-11-21.17:59:59::SCWPlatform::DSA absoulate path D:/DATN.REFACTOR/software/top_level/hw/top_level.xsa
TRACE::2024-11-21.17:59:59::SCWPlatform::DSA directory D:/DATN.REFACTOR/software/top_level/hw
TRACE::2024-11-21.17:59:59::SCWPlatform:: Platform Path D:/DATN.REFACTOR/software/top_level/hw/top_level.xsa
TRACE::2024-11-21.17:59:59::SCWPlatform:: Unique name xilinx:arty-a7-35::0.0
TRACE::2024-11-21.17:59:59::SCWPlatform::Trying to set the existing hwdb with name top_level_0
TRACE::2024-11-21.17:59:59::SCWPlatform::Opened existing hwdb top_level_0
TRACE::2024-11-21.17:59:59::SCWPlatform::Found the Hw Db part of the input DSA
TRACE::2024-11-21.17:59:59::SCWMssOS::Checking the sw design at  D:/DATN.REFACTOR/software/top_level/microblaze_I/standalone_domain/bsp/system.mss
TRACE::2024-11-21.17:59:59::SCWMssOS::DEBUG:  swdes dump  D:/DATN.REFACTOR/software/top_level/microblaze_I/standalone_domain/bsp/system.mss|system||

TRACE::2024-11-21.17:59:59::SCWMssOS::Sw design exists and opened at  D:/DATN.REFACTOR/software/top_level/microblaze_I/standalone_domain/bsp/system.mss
TRACE::2024-11-21.17:59:59::SCWMssOS::Completed writing the mss file at D:/DATN.REFACTOR/software/top_level/microblaze_I/standalone_domain/bsp
TRACE::2024-11-21.17:59:59::SCWMssOS::Mss edits present, copying mssfile into export location D:/DATN.REFACTOR/software/top_level/microblaze_I/standalone_domain/bsp/system.mss
TRACE::2024-11-21.17:59:59::SCWMssOS::bsp generated is upto date with the mss file. Skipping bsp generation.
TRACE::2024-11-21.17:59:59::SCWMssOS::BSP is already built. skipping the bsp build ... 
TRACE::2024-11-21.17:59:59::SCWDomain::Building the domain as part of full build :  standalone_domain
TRACE::2024-11-21.17:59:59::SCWMssOS::doing bsp build ... 
TRACE::2024-11-21.17:59:59::SCWMssOS::System Command Ran  D: & cd  D:/DATN.REFACTOR/software/top_level/microblaze_I/standalone_domain/bsp & make 
TRACE::2024-11-21.17:59:59::SCWMssOS::"Running Make include in microblaze_I/libsrc/bram_v4_3/src"

TRACE::2024-11-21.17:59:59::SCWMssOS::make -C microblaze_I/libsrc/bram_v4_3/src -s include  "SHELL=CMD" "COMPILER=mb-gcc" "ASSEMBLER=mb-as" "ARCHIVER=mb-ar" "COMPILE
TRACE::2024-11-21.17:59:59::SCWMssOS::R_FLAGS=  -O2 -c -mcpu=v11.0 -mlittle-endian -mno-xl-reorder -mxl-soft-mul" "EXTRA_COMPILER_FLAGS=-g -ffunction-sections -fdata
TRACE::2024-11-21.17:59:59::SCWMssOS::-sections -Wall -Wextra"

TRACE::2024-11-21.17:59:59::SCWMssOS::"Running Make include in microblaze_I/libsrc/cpu_v2_10/src"

TRACE::2024-11-21.17:59:59::SCWMssOS::make -C microblaze_I/libsrc/cpu_v2_10/src -s include  "SHELL=CMD" "COMPILER=mb-gcc" "ASSEMBLER=mb-as" "ARCHIVER=mb-ar" "COMPILE
TRACE::2024-11-21.17:59:59::SCWMssOS::R_FLAGS=  -O2 -c -mcpu=v11.0 -mlittle-endian -mno-xl-reorder -mxl-soft-mul" "EXTRA_COMPILER_FLAGS=-g -ffunction-sections -fdata
TRACE::2024-11-21.17:59:59::SCWMssOS::-sections -Wall -Wextra"

TRACE::2024-11-21.17:59:59::SCWMssOS::"Running Make include in microblaze_I/libsrc/iomodule_v2_7/src"

TRACE::2024-11-21.17:59:59::SCWMssOS::make -C microblaze_I/libsrc/iomodule_v2_7/src -s include  "SHELL=CMD" "COMPILER=mb-gcc" "ASSEMBLER=mb-as" "ARCHIVER=mb-ar" "COM
TRACE::2024-11-21.17:59:59::SCWMssOS::PILER_FLAGS=  -O2 -c -mcpu=v11.0 -mlittle-endian -mno-xl-reorder -mxl-soft-mul" "EXTRA_COMPILER_FLAGS=-g -ffunction-sections -f
TRACE::2024-11-21.17:59:59::SCWMssOS::data-sections -Wall -Wextra"

TRACE::2024-11-21.17:59:59::SCWMssOS::"Running Make include in microblaze_I/libsrc/standalone_v7_1/src"

TRACE::2024-11-21.17:59:59::SCWMssOS::make -C microblaze_I/libsrc/standalone_v7_1/src -s include  "SHELL=CMD" "COMPILER=mb-gcc" "ASSEMBLER=mb-as" "ARCHIVER=mb-ar" "C
TRACE::2024-11-21.17:59:59::SCWMssOS::OMPILER_FLAGS=  -O2 -c -mcpu=v11.0 -mlittle-endian -mno-xl-reorder -mxl-soft-mul" "EXTRA_COMPILER_FLAGS=-g -ffunction-sections 
TRACE::2024-11-21.17:59:59::SCWMssOS::-fdata-sections -Wall -Wextra"

TRACE::2024-11-21.18:00:00::SCWMssOS::"Running Make libs in microblaze_I/libsrc/bram_v4_3/src"

TRACE::2024-11-21.18:00:00::SCWMssOS::make -C microblaze_I/libsrc/bram_v4_3/src -s libs  "SHELL=CMD" "COMPILER=mb-gcc" "ASSEMBLER=mb-as" "ARCHIVER=mb-ar" "COMPILER_F
TRACE::2024-11-21.18:00:00::SCWMssOS::LAGS=  -O2 -c -mcpu=v11.0 -mlittle-endian -mno-xl-reorder -mxl-soft-mul" "EXTRA_COMPILER_FLAGS=-g -ffunction-sections -fdata-se
TRACE::2024-11-21.18:00:00::SCWMssOS::ctions -Wall -Wextra"

TRACE::2024-11-21.18:00:00::SCWMssOS::"Compiling bram"

TRACE::2024-11-21.18:00:01::SCWMssOS::"Running Make libs in microblaze_I/libsrc/cpu_v2_10/src"

TRACE::2024-11-21.18:00:01::SCWMssOS::make -C microblaze_I/libsrc/cpu_v2_10/src -s libs  "SHELL=CMD" "COMPILER=mb-gcc" "ASSEMBLER=mb-as" "ARCHIVER=mb-ar" "COMPILER_F
TRACE::2024-11-21.18:00:01::SCWMssOS::LAGS=  -O2 -c -mcpu=v11.0 -mlittle-endian -mno-xl-reorder -mxl-soft-mul" "EXTRA_COMPILER_FLAGS=-g -ffunction-sections -fdata-se
TRACE::2024-11-21.18:00:01::SCWMssOS::ctions -Wall -Wextra"

TRACE::2024-11-21.18:00:01::SCWMssOS::"Compiling cpu"

TRACE::2024-11-21.18:00:01::SCWMssOS::"Running Make libs in microblaze_I/libsrc/iomodule_v2_7/src"

TRACE::2024-11-21.18:00:01::SCWMssOS::make -C microblaze_I/libsrc/iomodule_v2_7/src -s libs  "SHELL=CMD" "COMPILER=mb-gcc" "ASSEMBLER=mb-as" "ARCHIVER=mb-ar" "COMPIL
TRACE::2024-11-21.18:00:01::SCWMssOS::ER_FLAGS=  -O2 -c -mcpu=v11.0 -mlittle-endian -mno-xl-reorder -mxl-soft-mul" "EXTRA_COMPILER_FLAGS=-g -ffunction-sections -fdat
TRACE::2024-11-21.18:00:01::SCWMssOS::a-sections -Wall -Wextra"

TRACE::2024-11-21.18:00:01::SCWMssOS::"Compiling iomodule"

TRACE::2024-11-21.18:00:02::SCWMssOS::"Running Make libs in microblaze_I/libsrc/standalone_v7_1/src"

TRACE::2024-11-21.18:00:02::SCWMssOS::make -C microblaze_I/libsrc/standalone_v7_1/src -s libs  "SHELL=CMD" "COMPILER=mb-gcc" "ASSEMBLER=mb-as" "ARCHIVER=mb-ar" "COMP
TRACE::2024-11-21.18:00:02::SCWMssOS::ILER_FLAGS=  -O2 -c -mcpu=v11.0 -mlittle-endian -mno-xl-reorder -mxl-soft-mul" "EXTRA_COMPILER_FLAGS=-g -ffunction-sections -fd
TRACE::2024-11-21.18:00:02::SCWMssOS::ata-sections -Wall -Wextra"

TRACE::2024-11-21.18:00:02::SCWMssOS::"Compiling standalone";

TRACE::2024-11-21.18:00:04::SCWMssOS::'Finished building libraries'

TRACE::2024-11-21.18:00:04::SCWMssOS::Copying to export directory.
TRACE::2024-11-21.18:00:04::SCWMssOS:: Checking if to create the Supporting Applications
TRACE::2024-11-21.18:00:04::SCWMssOS:: No Linux domain exists, trying to generate FSBL 
LOG::2024-11-21.18:00:04::SCWSystem::Completed Processing the domain standalone_domain
LOG::2024-11-21.18:00:04::SCWSystem::Completed Processing the sysconfig top_level
LOG::2024-11-21.18:00:04::SCWPlatform::Completed generating the artifacts for system configuration top_level
TRACE::2024-11-21.18:00:04::SCWPlatform::Started preparing the platform 
TRACE::2024-11-21.18:00:04::SCWSystem::Writing the bif file for system config top_level
TRACE::2024-11-21.18:00:04::SCWSystem::dir created 
TRACE::2024-11-21.18:00:04::SCWSystem::Writing the bif 
TRACE::2024-11-21.18:00:04::SCWPlatform::Started writing the spfm file 
TRACE::2024-11-21.18:00:04::SCWPlatform::Started writing the xpfm file 
TRACE::2024-11-21.18:00:04::SCWPlatform::Completed generating the platform
TRACE::2024-11-21.18:00:04::SCWPlatform::Trying to open the hw design at D:/DATN.REFACTOR/software/top_level/hw/top_level.xsa
TRACE::2024-11-21.18:00:04::SCWPlatform::DSA given D:/DATN.REFACTOR/software/top_level/hw/top_level.xsa
TRACE::2024-11-21.18:00:04::SCWPlatform::DSA absoulate path D:/DATN.REFACTOR/software/top_level/hw/top_level.xsa
TRACE::2024-11-21.18:00:04::SCWPlatform::DSA directory D:/DATN.REFACTOR/software/top_level/hw
TRACE::2024-11-21.18:00:04::SCWPlatform:: Platform Path D:/DATN.REFACTOR/software/top_level/hw/top_level.xsa
TRACE::2024-11-21.18:00:04::SCWPlatform:: Unique name xilinx:arty-a7-35::0.0
TRACE::2024-11-21.18:00:04::SCWPlatform::Trying to set the existing hwdb with name top_level_0
TRACE::2024-11-21.18:00:04::SCWPlatform::Opened existing hwdb top_level_0
TRACE::2024-11-21.18:00:04::SCWPlatform::Found the Hw Db part of the input DSA
TRACE::2024-11-21.18:00:04::SCWMssOS::Checking the sw design at  D:/DATN.REFACTOR/software/top_level/microblaze_I/standalone_domain/bsp/system.mss
TRACE::2024-11-21.18:00:04::SCWMssOS::DEBUG:  swdes dump  D:/DATN.REFACTOR/software/top_level/microblaze_I/standalone_domain/bsp/system.mss|system||

TRACE::2024-11-21.18:00:04::SCWMssOS::Sw design exists and opened at  D:/DATN.REFACTOR/software/top_level/microblaze_I/standalone_domain/bsp/system.mss
TRACE::2024-11-21.18:00:04::SCWPlatform::Trying to open the hw design at D:/DATN.REFACTOR/software/top_level/hw/top_level.xsa
TRACE::2024-11-21.18:00:04::SCWPlatform::DSA given D:/DATN.REFACTOR/software/top_level/hw/top_level.xsa
TRACE::2024-11-21.18:00:04::SCWPlatform::DSA absoulate path D:/DATN.REFACTOR/software/top_level/hw/top_level.xsa
TRACE::2024-11-21.18:00:04::SCWPlatform::DSA directory D:/DATN.REFACTOR/software/top_level/hw
TRACE::2024-11-21.18:00:04::SCWPlatform:: Platform Path D:/DATN.REFACTOR/software/top_level/hw/top_level.xsa
TRACE::2024-11-21.18:00:04::SCWPlatform:: Unique name xilinx:arty-a7-35::0.0
TRACE::2024-11-21.18:00:04::SCWPlatform::Trying to set the existing hwdb with name top_level_0
TRACE::2024-11-21.18:00:04::SCWPlatform::Opened existing hwdb top_level_0
TRACE::2024-11-21.18:00:04::SCWPlatform::Found the Hw Db part of the input DSA
TRACE::2024-11-21.18:00:04::SCWMssOS::Checking the sw design at  D:/DATN.REFACTOR/software/top_level/microblaze_I/standalone_domain/bsp/system.mss
TRACE::2024-11-21.18:00:04::SCWMssOS::DEBUG:  swdes dump  D:/DATN.REFACTOR/software/top_level/microblaze_I/standalone_domain/bsp/system.mss|system||

TRACE::2024-11-21.18:00:04::SCWMssOS::Sw design exists and opened at  D:/DATN.REFACTOR/software/top_level/microblaze_I/standalone_domain/bsp/system.mss
TRACE::2024-11-21.18:00:04::SCWPlatform::Trying to open the hw design at D:/DATN.REFACTOR/software/top_level/hw/top_level.xsa
TRACE::2024-11-21.18:00:04::SCWPlatform::DSA given D:/DATN.REFACTOR/software/top_level/hw/top_level.xsa
TRACE::2024-11-21.18:00:04::SCWPlatform::DSA absoulate path D:/DATN.REFACTOR/software/top_level/hw/top_level.xsa
TRACE::2024-11-21.18:00:04::SCWPlatform::DSA directory D:/DATN.REFACTOR/software/top_level/hw
TRACE::2024-11-21.18:00:04::SCWPlatform:: Platform Path D:/DATN.REFACTOR/software/top_level/hw/top_level.xsa
TRACE::2024-11-21.18:00:04::SCWPlatform:: Unique name xilinx:arty-a7-35::0.0
TRACE::2024-11-21.18:00:04::SCWPlatform::Trying to set the existing hwdb with name top_level_0
TRACE::2024-11-21.18:00:04::SCWPlatform::Opened existing hwdb top_level_0
TRACE::2024-11-21.18:00:04::SCWPlatform::Found the Hw Db part of the input DSA
TRACE::2024-11-21.18:00:04::SCWMssOS::Checking the sw design at  D:/DATN.REFACTOR/software/top_level/microblaze_I/standalone_domain/bsp/system.mss
TRACE::2024-11-21.18:00:04::SCWMssOS::DEBUG:  swdes dump  D:/DATN.REFACTOR/software/top_level/microblaze_I/standalone_domain/bsp/system.mss|system||

TRACE::2024-11-21.18:00:04::SCWMssOS::Sw design exists and opened at  D:/DATN.REFACTOR/software/top_level/microblaze_I/standalone_domain/bsp/system.mss
TRACE::2024-11-21.18:00:04::SCWWriter::formatted JSON is {
	"platformName":	"top_level",
	"sprVersion":	"2.0",
	"mode":	"gui",
	"dsaType":	"Fixed",
	"platformDesc":	"top_level",
	"platHandOff":	"D:/DATN.REFACTOR/hardware/top_level.xsa",
	"platIntHandOff":	"<platformDir>/hw/top_level.xsa",
	"deviceType":	"FPGA",
	"platIsPrebuiltAutogen":	"false",
	"platIsNoBootBsp":	"false",
	"hasFsblMakeHasChanges":	"false",
	"hasPmufwMakeHasChanges":	"false",
	"platPreBuiltFlag":	false,
	"platformSamplesDir":	"",
	"platActiveSys":	"top_level",
	"systems":	[{
			"systemName":	"top_level",
			"systemDesc":	"top_level",
			"sysIsBootAutoGen":	"true",
			"systemDispName":	"top_level",
			"sysActiveDom":	"standalone_domain",
			"sysDefaultDom":	"standalone_domain",
			"domains":	[{
					"domainName":	"standalone_domain",
					"domainDispName":	"standalone on microblaze_I",
					"domainDesc":	"standalone_domain",
					"processors":	"microblaze_I",
					"os":	"standalone",
					"sdxOs":	"standalone",
					"debugEnable":	"False",
					"domRuntimes":	["cpp"],
					"swRepo":	"",
					"mssOsVer":	"7.1",
					"mssFile":	"",
					"md5Digest":	"5980cf6cd247c6a3af06b1a36b27a03f",
					"compatibleApp":	"empty_application",
					"domType":	"mssDomain",
					"arch":	"32-bit",
					"appSettings":	{
						"appCompilerFlags":	"",
						"appLinkerFlags":	""
					},
					"addedLibs":	[],
					"libOptions":	{
						"libsContainingOptions":	[]
					},
					"prebuiltLibs":	{
						"prebuiltIncPath":	[],
						"prebuiltLibPath":	[]
					},
					"isolation":	{
					}
				}]
		}]
}
KEYINFO::2024-11-21.18:00:04::SCWPlatform::updated the xpfm file.
TRACE::2024-11-21.18:00:04::SCWPlatform::Trying to open the hw design at D:/DATN.REFACTOR/software/top_level/hw/top_level.xsa
TRACE::2024-11-21.18:00:04::SCWPlatform::DSA given D:/DATN.REFACTOR/software/top_level/hw/top_level.xsa
TRACE::2024-11-21.18:00:04::SCWPlatform::DSA absoulate path D:/DATN.REFACTOR/software/top_level/hw/top_level.xsa
TRACE::2024-11-21.18:00:04::SCWPlatform::DSA directory D:/DATN.REFACTOR/software/top_level/hw
TRACE::2024-11-21.18:00:04::SCWPlatform:: Platform Path D:/DATN.REFACTOR/software/top_level/hw/top_level.xsa
TRACE::2024-11-21.18:00:04::SCWPlatform:: Unique name xilinx:arty-a7-35::0.0
TRACE::2024-11-21.18:00:04::SCWPlatform::Trying to set the existing hwdb with name top_level_0
TRACE::2024-11-21.18:00:04::SCWPlatform::Opened existing hwdb top_level_0
TRACE::2024-11-21.18:00:04::SCWPlatform::Found the Hw Db part of the input DSA
TRACE::2024-11-21.18:00:04::SCWMssOS::Checking the sw design at  D:/DATN.REFACTOR/software/top_level/microblaze_I/standalone_domain/bsp/system.mss
TRACE::2024-11-21.18:00:04::SCWMssOS::DEBUG:  swdes dump  D:/DATN.REFACTOR/software/top_level/microblaze_I/standalone_domain/bsp/system.mss|system||

TRACE::2024-11-21.18:00:04::SCWMssOS::Sw design exists and opened at  D:/DATN.REFACTOR/software/top_level/microblaze_I/standalone_domain/bsp/system.mss
TRACE::2024-11-21.18:35:04::SCWPlatform::Clearing the existing platform
TRACE::2024-11-21.18:35:04::SCWSystem::Clearing the existing sysconfig
TRACE::2024-11-21.18:35:04::SCWMssOS::Removing the swdes entry for  D:/DATN.REFACTOR/software/top_level/microblaze_I/standalone_domain/bsp/system.mss
TRACE::2024-11-21.18:35:04::SCWSystem::Clearing the domains completed.
TRACE::2024-11-21.18:35:04::SCWPlatform::Clearing the opened hw db.
TRACE::2024-11-21.18:35:04::SCWPlatform::DSA given D:/DATN.REFACTOR/software/top_level/hw/top_level.xsa
TRACE::2024-11-21.18:35:04::SCWPlatform::DSA absoulate path D:/DATN.REFACTOR/software/top_level/hw/top_level.xsa
TRACE::2024-11-21.18:35:04::SCWPlatform:: Platform location is D:/DATN.REFACTOR/software/top_level/hw
TRACE::2024-11-21.18:35:04::SCWPlatform:: Platform Path D:/DATN.REFACTOR/software/top_level/hw/top_level.xsa
TRACE::2024-11-21.18:35:04::SCWPlatform:: Unique name xilinx:arty-a7-35::0.0
TRACE::2024-11-21.18:35:04::SCWPlatform::Removing the HwDB with name D:/DATN.REFACTOR/software/top_level/hw/top_level.xsa
TRACE::2024-11-21.18:35:04::SCWPlatform::Trying to open the hw design at D:/DATN.REFACTOR/software/top_level/hw/top_level.xsa
TRACE::2024-11-21.18:35:04::SCWPlatform::DSA given D:/DATN.REFACTOR/software/top_level/hw/top_level.xsa
TRACE::2024-11-21.18:35:04::SCWPlatform::DSA absoulate path D:/DATN.REFACTOR/software/top_level/hw/top_level.xsa
TRACE::2024-11-21.18:35:04::SCWPlatform::DSA directory D:/DATN.REFACTOR/software/top_level/hw
TRACE::2024-11-21.18:35:04::SCWPlatform:: Platform Path D:/DATN.REFACTOR/software/top_level/hw/top_level.xsa
TRACE::2024-11-21.18:35:04::SCWPlatform:: Unique name xilinx:arty-a7-35::0.0
TRACE::2024-11-21.18:35:04::SCWPlatform::Do not have an existing db opened. 
TRACE::2024-11-21.18:35:05::SCWPlatform::Opened new HwDB with name top_level_3
TRACE::2024-11-21.18:35:05::SCWReader::Active system found as  top_level
TRACE::2024-11-21.18:35:05::SCWReader::Handling sysconfig top_level
TRACE::2024-11-21.18:35:05::SCWDomain::checking for install qemu data   : 
TRACE::2024-11-21.18:35:05::SCWPlatform::Trying to open the hw design at D:/DATN.REFACTOR/software/top_level/hw/top_level.xsa
TRACE::2024-11-21.18:35:05::SCWPlatform::DSA given D:/DATN.REFACTOR/software/top_level/hw/top_level.xsa
TRACE::2024-11-21.18:35:05::SCWPlatform::DSA absoulate path D:/DATN.REFACTOR/software/top_level/hw/top_level.xsa
TRACE::2024-11-21.18:35:05::SCWPlatform::DSA directory D:/DATN.REFACTOR/software/top_level/hw
TRACE::2024-11-21.18:35:05::SCWPlatform:: Platform Path D:/DATN.REFACTOR/software/top_level/hw/top_level.xsa
TRACE::2024-11-21.18:35:05::SCWPlatform:: Unique name xilinx:arty-a7-35::0.0
TRACE::2024-11-21.18:35:05::SCWPlatform::Trying to set the existing hwdb with name top_level_3
TRACE::2024-11-21.18:35:05::SCWPlatform::Opened existing hwdb top_level_3
TRACE::2024-11-21.18:35:05::SCWPlatform::Found the Hw Db part of the input DSA
TRACE::2024-11-21.18:35:05::SCWPlatform::Trying to open the hw design at D:/DATN.REFACTOR/software/top_level/hw/top_level.xsa
TRACE::2024-11-21.18:35:05::SCWPlatform::DSA given D:/DATN.REFACTOR/software/top_level/hw/top_level.xsa
TRACE::2024-11-21.18:35:05::SCWPlatform::DSA absoulate path D:/DATN.REFACTOR/software/top_level/hw/top_level.xsa
TRACE::2024-11-21.18:35:05::SCWPlatform::DSA directory D:/DATN.REFACTOR/software/top_level/hw
TRACE::2024-11-21.18:35:05::SCWPlatform:: Platform Path D:/DATN.REFACTOR/software/top_level/hw/top_level.xsa
TRACE::2024-11-21.18:35:05::SCWPlatform:: Unique name xilinx:arty-a7-35::0.0
TRACE::2024-11-21.18:35:05::SCWPlatform::Trying to set the existing hwdb with name top_level_3
TRACE::2024-11-21.18:35:05::SCWPlatform::Opened existing hwdb top_level_3
TRACE::2024-11-21.18:35:05::SCWPlatform::Found the Hw Db part of the input DSA
TRACE::2024-11-21.18:35:05::SCWPlatform::Trying to open the hw design at D:/DATN.REFACTOR/software/top_level/hw/top_level.xsa
TRACE::2024-11-21.18:35:05::SCWPlatform::DSA given D:/DATN.REFACTOR/software/top_level/hw/top_level.xsa
TRACE::2024-11-21.18:35:05::SCWPlatform::DSA absoulate path D:/DATN.REFACTOR/software/top_level/hw/top_level.xsa
TRACE::2024-11-21.18:35:05::SCWPlatform::DSA directory D:/DATN.REFACTOR/software/top_level/hw
TRACE::2024-11-21.18:35:05::SCWPlatform:: Platform Path D:/DATN.REFACTOR/software/top_level/hw/top_level.xsa
TRACE::2024-11-21.18:35:05::SCWPlatform:: Unique name xilinx:arty-a7-35::0.0
TRACE::2024-11-21.18:35:05::SCWPlatform::Trying to set the existing hwdb with name top_level_3
TRACE::2024-11-21.18:35:05::SCWPlatform::Opened existing hwdb top_level_3
TRACE::2024-11-21.18:35:05::SCWPlatform::Found the Hw Db part of the input DSA
TRACE::2024-11-21.18:35:05::SCWMssOS::Checking the sw design at  D:/DATN.REFACTOR/software/top_level/microblaze_I/standalone_domain/bsp/system.mss
TRACE::2024-11-21.18:35:05::SCWMssOS::DEBUG:  swdes dump  
TRACE::2024-11-21.18:35:05::SCWMssOS::No sw design opened at  D:/DATN.REFACTOR/software/top_level/microblaze_I/standalone_domain/bsp/system.mss
TRACE::2024-11-21.18:35:05::SCWMssOS::mss exists loading the mss file  D:/DATN.REFACTOR/software/top_level/microblaze_I/standalone_domain/bsp/system.mss
TRACE::2024-11-21.18:35:05::SCWMssOS::Opened the sw design from mss  D:/DATN.REFACTOR/software/top_level/microblaze_I/standalone_domain/bsp/system.mss
TRACE::2024-11-21.18:35:05::SCWMssOS::Adding the swdes entry D:/DATN.REFACTOR/software/top_level/microblaze_I/standalone_domain/bsp/system.mss with des name system
TRACE::2024-11-21.18:35:05::SCWMssOS::updating the scw layer about changes
TRACE::2024-11-21.18:35:05::SCWMssOS::Opened the sw design.  D:/DATN.REFACTOR/software/top_level/microblaze_I/standalone_domain/bsp/system.mss
TRACE::2024-11-21.18:35:05::SCWReader::Adding prebuilt librarypaths as   
TRACE::2024-11-21.18:35:05::SCWReader::Adding prebuilt incpaths  as   
TRACE::2024-11-21.18:35:05::SCWPlatform::Trying to open the hw design at D:/DATN.REFACTOR/software/top_level/hw/top_level.xsa
TRACE::2024-11-21.18:35:05::SCWPlatform::DSA given D:/DATN.REFACTOR/software/top_level/hw/top_level.xsa
TRACE::2024-11-21.18:35:05::SCWPlatform::DSA absoulate path D:/DATN.REFACTOR/software/top_level/hw/top_level.xsa
TRACE::2024-11-21.18:35:05::SCWPlatform::DSA directory D:/DATN.REFACTOR/software/top_level/hw
TRACE::2024-11-21.18:35:05::SCWPlatform:: Platform Path D:/DATN.REFACTOR/software/top_level/hw/top_level.xsa
TRACE::2024-11-21.18:35:05::SCWPlatform:: Unique name xilinx:arty-a7-35::0.0
TRACE::2024-11-21.18:35:05::SCWPlatform::Trying to set the existing hwdb with name top_level_3
TRACE::2024-11-21.18:35:05::SCWPlatform::Opened existing hwdb top_level_3
TRACE::2024-11-21.18:35:05::SCWPlatform::Found the Hw Db part of the input DSA
TRACE::2024-11-21.18:35:05::SCWMssOS::Checking the sw design at  D:/DATN.REFACTOR/software/top_level/microblaze_I/standalone_domain/bsp/system.mss
TRACE::2024-11-21.18:35:05::SCWMssOS::DEBUG:  swdes dump  D:/DATN.REFACTOR/software/top_level/microblaze_I/standalone_domain/bsp/system.mss|system||

TRACE::2024-11-21.18:35:05::SCWMssOS::Sw design exists and opened at  D:/DATN.REFACTOR/software/top_level/microblaze_I/standalone_domain/bsp/system.mss
TRACE::2024-11-21.18:35:05::SCWReader::No isolation master present  
TRACE::2024-11-21.18:35:07::SCWPlatform::DSA given D:/DATN.REFACTOR/software/top_level/tempdsa/top_level.xsa
TRACE::2024-11-21.18:35:07::SCWPlatform::DSA absoulate path D:/DATN.REFACTOR/software/top_level/tempdsa/top_level.xsa
TRACE::2024-11-21.18:35:07::SCWPlatform:: Platform location is D:/DATN.REFACTOR/software/top_level/tempdsa
TRACE::2024-11-21.18:35:07::SCWPlatform:: Platform Path D:/DATN.REFACTOR/software/top_level/tempdsa/top_level.xsa
TRACE::2024-11-21.18:35:07::SCWPlatform:: Unique name xilinx:arty-a7-35::0.0
TRACE::2024-11-21.18:35:07::SCWPlatform::Found the Hw Db part of the input DSA
TRACE::2024-11-21.18:35:07::SCWMssOS::Doing hw sync for the mss in domain: standalone_domain
TRACE::2024-11-21.18:35:07::SCWPlatform::Trying to open the hw design at D:/DATN.REFACTOR/software/top_level/hw/top_level.xsa
TRACE::2024-11-21.18:35:07::SCWPlatform::DSA given D:/DATN.REFACTOR/software/top_level/hw/top_level.xsa
TRACE::2024-11-21.18:35:07::SCWPlatform::DSA absoulate path D:/DATN.REFACTOR/software/top_level/hw/top_level.xsa
TRACE::2024-11-21.18:35:07::SCWPlatform::DSA directory D:/DATN.REFACTOR/software/top_level/hw
TRACE::2024-11-21.18:35:07::SCWPlatform:: Platform Path D:/DATN.REFACTOR/software/top_level/hw/top_level.xsa
TRACE::2024-11-21.18:35:07::SCWPlatform:: Unique name xilinx:arty-a7-35::0.0
TRACE::2024-11-21.18:35:07::SCWPlatform::Trying to set the existing hwdb with name top_level_3
TRACE::2024-11-21.18:35:07::SCWPlatform::Opened existing hwdb top_level_3
TRACE::2024-11-21.18:35:07::SCWPlatform::Found the Hw Db part of the input DSA
TRACE::2024-11-21.18:35:07::SCWPlatform::Trying to open the hw design at D:/DATN.REFACTOR/software/top_level/hw/top_level.xsa
TRACE::2024-11-21.18:35:07::SCWPlatform::DSA given D:/DATN.REFACTOR/software/top_level/hw/top_level.xsa
TRACE::2024-11-21.18:35:07::SCWPlatform::DSA absoulate path D:/DATN.REFACTOR/software/top_level/hw/top_level.xsa
TRACE::2024-11-21.18:35:07::SCWPlatform::DSA directory D:/DATN.REFACTOR/software/top_level/hw
TRACE::2024-11-21.18:35:07::SCWPlatform:: Platform Path D:/DATN.REFACTOR/software/top_level/hw/top_level.xsa
TRACE::2024-11-21.18:35:07::SCWPlatform:: Unique name xilinx:arty-a7-35::0.0
TRACE::2024-11-21.18:35:07::SCWPlatform::Trying to set the existing hwdb with name top_level_3
TRACE::2024-11-21.18:35:07::SCWPlatform::Opened existing hwdb top_level_3
TRACE::2024-11-21.18:35:07::SCWPlatform::Found the Hw Db part of the input DSA
TRACE::2024-11-21.18:35:07::SCWMssOS::Checking the sw design at  D:/DATN.REFACTOR/software/top_level/microblaze_I/standalone_domain/bsp/system.mss
TRACE::2024-11-21.18:35:07::SCWMssOS::DEBUG:  swdes dump  D:/DATN.REFACTOR/software/top_level/microblaze_I/standalone_domain/bsp/system.mss|system||

TRACE::2024-11-21.18:35:07::SCWMssOS::Sw design exists and opened at  D:/DATN.REFACTOR/software/top_level/microblaze_I/standalone_domain/bsp/system.mss
TRACE::2024-11-21.18:35:07::SCWPlatform::Trying to open the hw design at D:/DATN.REFACTOR/software/top_level/tempdsa/top_level.xsa
TRACE::2024-11-21.18:35:07::SCWPlatform::DSA given D:/DATN.REFACTOR/software/top_level/tempdsa/top_level.xsa
TRACE::2024-11-21.18:35:07::SCWPlatform::DSA absoulate path D:/DATN.REFACTOR/software/top_level/tempdsa/top_level.xsa
TRACE::2024-11-21.18:35:07::SCWPlatform::DSA directory D:/DATN.REFACTOR/software/top_level/tempdsa
TRACE::2024-11-21.18:35:07::SCWPlatform:: Platform Path D:/DATN.REFACTOR/software/top_level/tempdsa/top_level.xsa
TRACE::2024-11-21.18:35:07::SCWPlatform:: Unique name xilinx:arty-a7-35::0.0
TRACE::2024-11-21.18:35:07::SCWPlatform::update - Opened existing hwdb top_level_4
TRACE::2024-11-21.18:35:07::SCWPlatform::Found the Hw Db part of the input DSA
TRACE::2024-11-21.18:35:07::SCWMssOS::Completed hw sync for the mss in domain: standalone_domain
TRACE::2024-11-21.18:35:07::SCWPlatform::Trying to open the hw design at D:/DATN.REFACTOR/software/top_level/hw/top_level.xsa
TRACE::2024-11-21.18:35:07::SCWPlatform::DSA given D:/DATN.REFACTOR/software/top_level/hw/top_level.xsa
TRACE::2024-11-21.18:35:07::SCWPlatform::DSA absoulate path D:/DATN.REFACTOR/software/top_level/hw/top_level.xsa
TRACE::2024-11-21.18:35:07::SCWPlatform::DSA directory D:/DATN.REFACTOR/software/top_level/hw
TRACE::2024-11-21.18:35:07::SCWPlatform:: Platform Path D:/DATN.REFACTOR/software/top_level/hw/top_level.xsa
TRACE::2024-11-21.18:35:07::SCWPlatform:: Unique name xilinx:arty-a7-35::0.0
TRACE::2024-11-21.18:35:07::SCWPlatform::Do not have an existing db opened. 
TRACE::2024-11-21.18:35:07::SCWPlatform::Opened new HwDB with name top_level_5
TRACE::2024-11-21.18:35:07::SCWPlatform::Trying to open the hw design at D:/DATN.REFACTOR/software/top_level/hw/top_level.xsa
TRACE::2024-11-21.18:35:07::SCWPlatform::DSA given D:/DATN.REFACTOR/software/top_level/hw/top_level.xsa
TRACE::2024-11-21.18:35:07::SCWPlatform::DSA absoulate path D:/DATN.REFACTOR/software/top_level/hw/top_level.xsa
TRACE::2024-11-21.18:35:07::SCWPlatform::DSA directory D:/DATN.REFACTOR/software/top_level/hw
TRACE::2024-11-21.18:35:07::SCWPlatform:: Platform Path D:/DATN.REFACTOR/software/top_level/hw/top_level.xsa
TRACE::2024-11-21.18:35:07::SCWPlatform:: Unique name xilinx:arty-a7-35::0.0
TRACE::2024-11-21.18:35:07::SCWPlatform::Trying to set the existing hwdb with name top_level_5
TRACE::2024-11-21.18:35:07::SCWPlatform::Opened existing hwdb top_level_5
TRACE::2024-11-21.18:35:07::SCWPlatform::Found the Hw Db part of the input DSA
TRACE::2024-11-21.18:35:07::SCWMssOS::Checking the sw design at  D:/DATN.REFACTOR/software/top_level/microblaze_I/standalone_domain/bsp/system.mss
TRACE::2024-11-21.18:35:07::SCWMssOS::DEBUG:  swdes dump  D:/DATN.REFACTOR/software/top_level/microblaze_I/standalone_domain/bsp/system.mss|system||

TRACE::2024-11-21.18:35:07::SCWMssOS::Sw design exists and opened at  D:/DATN.REFACTOR/software/top_level/microblaze_I/standalone_domain/bsp/system.mss
TRACE::2024-11-21.18:35:07::SCWWriter::formatted JSON is {
	"platformName":	"top_level",
	"sprVersion":	"2.0",
	"mode":	"gui",
	"dsaType":	"Fixed",
	"platformDesc":	"top_level",
	"platHandOff":	"D:/DATN.REFACTOR/hardware/top_level.xsa",
	"platIntHandOff":	"<platformDir>/hw/top_level.xsa",
	"deviceType":	"FPGA",
	"platIsPrebuiltAutogen":	"false",
	"platIsNoBootBsp":	"false",
	"hasFsblMakeHasChanges":	"false",
	"hasPmufwMakeHasChanges":	"false",
	"platPreBuiltFlag":	false,
	"platformSamplesDir":	"",
	"platActiveSys":	"top_level",
	"systems":	[{
			"systemName":	"top_level",
			"systemDesc":	"top_level",
			"sysIsBootAutoGen":	"true",
			"systemDispName":	"top_level",
			"sysActiveDom":	"standalone_domain",
			"sysDefaultDom":	"standalone_domain",
			"domains":	[{
					"domainName":	"standalone_domain",
					"domainDispName":	"standalone on microblaze_I",
					"domainDesc":	"standalone_domain",
					"processors":	"microblaze_I",
					"os":	"standalone",
					"sdxOs":	"standalone",
					"debugEnable":	"False",
					"domRuntimes":	["cpp"],
					"swRepo":	"",
					"mssOsVer":	"7.1",
					"mssFile":	"",
					"md5Digest":	"5980cf6cd247c6a3af06b1a36b27a03f",
					"compatibleApp":	"",
					"domType":	"mssDomain",
					"arch":	"32-bit",
					"appSettings":	{
						"appCompilerFlags":	"",
						"appLinkerFlags":	""
					},
					"addedLibs":	[],
					"libOptions":	{
						"libsContainingOptions":	[]
					},
					"prebuiltLibs":	{
						"prebuiltIncPath":	[],
						"prebuiltLibPath":	[]
					},
					"isolation":	{
					}
				}]
		}]
}
LOG::2024-11-21.18:35:16::SCWPlatform::Started generating the artifacts platform top_level
TRACE::2024-11-21.18:35:16::SCWPlatform::Sanity checking of platform is completed
LOG::2024-11-21.18:35:16::SCWPlatform::Started generating the artifacts for system configuration top_level
LOG::2024-11-21.18:35:16::SCWSystem::Checking the domain standalone_domain
LOG::2024-11-21.18:35:16::SCWSystem::Not a boot domain 
LOG::2024-11-21.18:35:16::SCWSystem::Started Processing the domain standalone_domain
TRACE::2024-11-21.18:35:16::SCWDomain::Generating domain artifcats
TRACE::2024-11-21.18:35:16::SCWMssOS::Generating standalone artifcats
TRACE::2024-11-21.18:35:16::SCWMssOS:: Copying the user libraries. 
TRACE::2024-11-21.18:35:16::SCWPlatform::Trying to open the hw design at D:/DATN.REFACTOR/software/top_level/hw/top_level.xsa
TRACE::2024-11-21.18:35:16::SCWPlatform::DSA given D:/DATN.REFACTOR/software/top_level/hw/top_level.xsa
TRACE::2024-11-21.18:35:16::SCWPlatform::DSA absoulate path D:/DATN.REFACTOR/software/top_level/hw/top_level.xsa
TRACE::2024-11-21.18:35:16::SCWPlatform::DSA directory D:/DATN.REFACTOR/software/top_level/hw
TRACE::2024-11-21.18:35:16::SCWPlatform:: Platform Path D:/DATN.REFACTOR/software/top_level/hw/top_level.xsa
TRACE::2024-11-21.18:35:16::SCWPlatform:: Unique name xilinx:arty-a7-35::0.0
TRACE::2024-11-21.18:35:16::SCWPlatform::Trying to set the existing hwdb with name top_level_5
TRACE::2024-11-21.18:35:16::SCWPlatform::Opened existing hwdb top_level_5
TRACE::2024-11-21.18:35:16::SCWPlatform::Found the Hw Db part of the input DSA
TRACE::2024-11-21.18:35:16::SCWMssOS::Checking the sw design at  D:/DATN.REFACTOR/software/top_level/microblaze_I/standalone_domain/bsp/system.mss
TRACE::2024-11-21.18:35:16::SCWMssOS::DEBUG:  swdes dump  D:/DATN.REFACTOR/software/top_level/microblaze_I/standalone_domain/bsp/system.mss|system||

TRACE::2024-11-21.18:35:16::SCWMssOS::Sw design exists and opened at  D:/DATN.REFACTOR/software/top_level/microblaze_I/standalone_domain/bsp/system.mss
TRACE::2024-11-21.18:35:16::SCWMssOS::Completed writing the mss file at D:/DATN.REFACTOR/software/top_level/microblaze_I/standalone_domain/bsp
TRACE::2024-11-21.18:35:16::SCWMssOS::Mss edits present, copying mssfile into export location D:/DATN.REFACTOR/software/top_level/microblaze_I/standalone_domain/bsp/system.mss
TRACE::2024-11-21.18:35:16::SCWMssOS::bsp generated is upto date with the mss file. Skipping bsp generation.
TRACE::2024-11-21.18:35:16::SCWMssOS::BSP is already built. skipping the bsp build ... 
TRACE::2024-11-21.18:35:16::SCWDomain::Skipping the build for domain :  standalone_domain
TRACE::2024-11-21.18:35:16::SCWMssOS::skipping the bsp build ... 
TRACE::2024-11-21.18:35:16::SCWMssOS::Copying to export directory.
TRACE::2024-11-21.18:35:17::SCWMssOS:: Checking if to create the Supporting Applications
TRACE::2024-11-21.18:35:17::SCWMssOS:: No Linux domain exists, trying to generate FSBL 
LOG::2024-11-21.18:35:17::SCWSystem::Completed Processing the domain standalone_domain
LOG::2024-11-21.18:35:17::SCWSystem::Completed Processing the sysconfig top_level
LOG::2024-11-21.18:35:17::SCWPlatform::Completed generating the artifacts for system configuration top_level
TRACE::2024-11-21.18:35:17::SCWPlatform::Started preparing the platform 
TRACE::2024-11-21.18:35:17::SCWSystem::Writing the bif file for system config top_level
TRACE::2024-11-21.18:35:17::SCWSystem::dir created 
TRACE::2024-11-21.18:35:17::SCWSystem::Writing the bif 
TRACE::2024-11-21.18:35:17::SCWPlatform::Started writing the spfm file 
TRACE::2024-11-21.18:35:17::SCWPlatform::Started writing the xpfm file 
TRACE::2024-11-21.18:35:17::SCWPlatform::Completed generating the platform
TRACE::2024-11-21.18:35:17::SCWPlatform::Trying to open the hw design at D:/DATN.REFACTOR/software/top_level/hw/top_level.xsa
TRACE::2024-11-21.18:35:17::SCWPlatform::DSA given D:/DATN.REFACTOR/software/top_level/hw/top_level.xsa
TRACE::2024-11-21.18:35:17::SCWPlatform::DSA absoulate path D:/DATN.REFACTOR/software/top_level/hw/top_level.xsa
TRACE::2024-11-21.18:35:17::SCWPlatform::DSA directory D:/DATN.REFACTOR/software/top_level/hw
TRACE::2024-11-21.18:35:17::SCWPlatform:: Platform Path D:/DATN.REFACTOR/software/top_level/hw/top_level.xsa
TRACE::2024-11-21.18:35:17::SCWPlatform:: Unique name xilinx:arty-a7-35::0.0
TRACE::2024-11-21.18:35:17::SCWPlatform::Trying to set the existing hwdb with name top_level_5
TRACE::2024-11-21.18:35:17::SCWPlatform::Opened existing hwdb top_level_5
TRACE::2024-11-21.18:35:17::SCWPlatform::Found the Hw Db part of the input DSA
TRACE::2024-11-21.18:35:17::SCWMssOS::Checking the sw design at  D:/DATN.REFACTOR/software/top_level/microblaze_I/standalone_domain/bsp/system.mss
TRACE::2024-11-21.18:35:17::SCWMssOS::DEBUG:  swdes dump  D:/DATN.REFACTOR/software/top_level/microblaze_I/standalone_domain/bsp/system.mss|system||

TRACE::2024-11-21.18:35:17::SCWMssOS::Sw design exists and opened at  D:/DATN.REFACTOR/software/top_level/microblaze_I/standalone_domain/bsp/system.mss
TRACE::2024-11-21.18:35:17::SCWWriter::formatted JSON is {
	"platformName":	"top_level",
	"sprVersion":	"2.0",
	"mode":	"gui",
	"dsaType":	"Fixed",
	"platformDesc":	"top_level",
	"platHandOff":	"D:/DATN.REFACTOR/hardware/top_level.xsa",
	"platIntHandOff":	"<platformDir>/hw/top_level.xsa",
	"deviceType":	"FPGA",
	"platIsPrebuiltAutogen":	"false",
	"platIsNoBootBsp":	"false",
	"hasFsblMakeHasChanges":	"false",
	"hasPmufwMakeHasChanges":	"false",
	"platPreBuiltFlag":	false,
	"platformSamplesDir":	"",
	"platActiveSys":	"top_level",
	"systems":	[{
			"systemName":	"top_level",
			"systemDesc":	"top_level",
			"sysIsBootAutoGen":	"true",
			"systemDispName":	"top_level",
			"sysActiveDom":	"standalone_domain",
			"sysDefaultDom":	"standalone_domain",
			"domains":	[{
					"domainName":	"standalone_domain",
					"domainDispName":	"standalone on microblaze_I",
					"domainDesc":	"standalone_domain",
					"processors":	"microblaze_I",
					"os":	"standalone",
					"sdxOs":	"standalone",
					"debugEnable":	"False",
					"domRuntimes":	["cpp"],
					"swRepo":	"",
					"mssOsVer":	"7.1",
					"mssFile":	"",
					"md5Digest":	"5980cf6cd247c6a3af06b1a36b27a03f",
					"compatibleApp":	"",
					"domType":	"mssDomain",
					"arch":	"32-bit",
					"appSettings":	{
						"appCompilerFlags":	"",
						"appLinkerFlags":	""
					},
					"addedLibs":	[],
					"libOptions":	{
						"libsContainingOptions":	[]
					},
					"prebuiltLibs":	{
						"prebuiltIncPath":	[],
						"prebuiltLibPath":	[]
					},
					"isolation":	{
					}
				}]
		}]
}
KEYINFO::2024-11-21.18:35:17::SCWPlatform::updated the xpfm file.
TRACE::2024-11-21.18:35:17::SCWPlatform::Trying to open the hw design at D:/DATN.REFACTOR/software/top_level/hw/top_level.xsa
TRACE::2024-11-21.18:35:17::SCWPlatform::DSA given D:/DATN.REFACTOR/software/top_level/hw/top_level.xsa
TRACE::2024-11-21.18:35:17::SCWPlatform::DSA absoulate path D:/DATN.REFACTOR/software/top_level/hw/top_level.xsa
TRACE::2024-11-21.18:35:17::SCWPlatform::DSA directory D:/DATN.REFACTOR/software/top_level/hw
TRACE::2024-11-21.18:35:17::SCWPlatform:: Platform Path D:/DATN.REFACTOR/software/top_level/hw/top_level.xsa
TRACE::2024-11-21.18:35:17::SCWPlatform:: Unique name xilinx:arty-a7-35::0.0
TRACE::2024-11-21.18:35:17::SCWPlatform::Trying to set the existing hwdb with name top_level_5
TRACE::2024-11-21.18:35:17::SCWPlatform::Opened existing hwdb top_level_5
TRACE::2024-11-21.18:35:17::SCWPlatform::Found the Hw Db part of the input DSA
TRACE::2024-11-21.18:35:17::SCWMssOS::Checking the sw design at  D:/DATN.REFACTOR/software/top_level/microblaze_I/standalone_domain/bsp/system.mss
TRACE::2024-11-21.18:35:17::SCWMssOS::DEBUG:  swdes dump  D:/DATN.REFACTOR/software/top_level/microblaze_I/standalone_domain/bsp/system.mss|system||

TRACE::2024-11-21.18:35:17::SCWMssOS::Sw design exists and opened at  D:/DATN.REFACTOR/software/top_level/microblaze_I/standalone_domain/bsp/system.mss
