#-----------------------------------------------------------
# Webtalk v2019.2 (64-bit)
# SW Build 2708876 on Wed Nov  6 21:40:23 MST 2019
# 
# Start of session at: Fri Nov 22 00:39:31 2024
# Process ID: 6236
# Current directory: D:/DATN.REFACTOR/software/webtalk
# Command line: wbtcv.exe -mode batch -source vitis_webtalk.tcl
# Log file: D:/DATN.REFACTOR/software/webtalk/webtalk.log
# Journal file: D:/DATN.REFACTOR/software/webtalk\webtalk.jou
#-----------------------------------------------------------
source vitis_webtalk.tcl
# webtalk_init -webtalk_dir D:\\DATN.REFACTOR\\software\\webtalk
# webtalk_register_client -client project
# webtalk_add_data -client project -key date_generated -value "2024-11-22 00:39:29" -context "software_version_and_target_device"
# webtalk_add_data -client project -key product_version -value "Vitis v2019.2" -context "software_version_and_target_device"
# webtalk_add_data -client project -key build_version -value "2019.2" -context "software_version_and_target_device"
# webtalk_add_data -client project -key os_platform -value "amd64" -context "software_version_and_target_device"
# webtalk_add_data -client project -key registration_id -value "212642825_0_0_625" -context "software_version_and_target_device"
# webtalk_add_data -client project -key tool_flow -value "Vitis" -context "software_version_and_target_device"
# webtalk_add_data -client project -key beta -value "false" -context "software_version_and_target_device"
# webtalk_add_data -client project -key route_design -value "NA" -context "software_version_and_target_device"
# webtalk_add_data -client project -key target_family -value "NA" -context "software_version_and_target_device"
# webtalk_add_data -client project -key target_device -value "NA" -context "software_version_and_target_device"
# webtalk_add_data -client project -key target_package -value "NA" -context "software_version_and_target_device"
# webtalk_add_data -client project -key target_speed -value "NA" -context "software_version_and_target_device"
# webtalk_add_data -client project -key random_id -value "avq74s9mntt0ongafkrave0sn" -context "software_version_and_target_device"
# webtalk_add_data -client project -key project_id -value "2019.2_15" -context "software_version_and_target_device"
# webtalk_add_data -client project -key project_iteration -value "15" -context "software_version_and_target_device"
# webtalk_add_data -client project -key os_name -value "Microsoft Windows 8 or later , 64-bit" -context "user_environment"
# webtalk_add_data -client project -key os_release -value "major release  (build 9200)" -context "user_environment"
# webtalk_add_data -client project -key cpu_name -value "11th Gen Intel(R) Core(TM) i5-11400H @ 2.70GHz" -context "user_environment"
# webtalk_add_data -client project -key cpu_speed -value "2688 MHz" -context "user_environment"
# webtalk_add_data -client project -key total_processors -value "1" -context "user_environment"
# webtalk_add_data -client project -key system_ram -value "16.948 GB" -context "user_environment"
# webtalk_register_client -client vitis
# webtalk_add_data -client vitis -key uid -value "1732186772212" -context "vitis\\\\application/1732186772212"
# webtalk_add_data -client vitis -key project_type -value "sdk" -context "vitis\\\\application/1732186772212"
# webtalk_add_data -client vitis -key os -value "standalone" -context "vitis\\\\application/1732186772212"
# webtalk_add_data -client vitis -key processor -value "microblaze" -context "vitis\\\\application/1732186772212"
# webtalk_add_data -client vitis -key runtime -value "cpp" -context "vitis\\\\application/1732186772212"
# webtalk_add_data -client vitis -key template -value "empty" -context "vitis\\\\application/1732186772212"
# webtalk_add_data -client vitis -key platform -value "NA" -context "vitis\\\\application/1732186772212"
# webtalk_add_data -client vitis -key platform_type -value "NA" -context "vitis\\\\application/1732186772212"
# webtalk_add_data -client vitis -key application_type -value "application" -context "vitis\\\\application/1732186772212"
# webtalk_add_data -client vitis -key platform_source -value "dsa" -context "vitis\\\\application/1732186772212"
# webtalk_add_data -client vitis -key device_family -value "NA" -context "vitis\\\\application/1732186772212"
# webtalk_add_data -client vitis -key fpga -value "7a35ti" -context "vitis\\\\application/1732186772212"
# webtalk_transmit -clientid 4260978851 -regid "212642825_0_0_625" -xml D:\\DATN.REFACTOR\\software\\webtalk\\usage_statistics_ext_vitis.xml -html D:\\DATN.REFACTOR\\software\\webtalk\\usage_statistics_ext_vitis.html -wdm D:\\DATN.REFACTOR\\software\\webtalk\\vitis_webtalk.wdm -intro "<H3>Vitis Usage Report</H3><BR>"
# webtalk_terminate
INFO: [Common 17-206] Exiting Webtalk at Fri Nov 22 00:39:34 2024...
